[ 2014-04-28T12:55:51+08:00 ] 127.0.0.1 /management/
INFO: [ app_begin ] --START--
INFO: ReadHtmlCache Behavior ::run [ RunTime:0.000000s ]
INFO: [ app_begin ] --END-- [ RunTime:0.000000s ]

[ 2014-04-28T12:55:51+08:00 ] 127.0.0.1 /management/index.php/Public/login.html
INFO: [ route_check ] --START--
INFO: CheckRoute Behavior ::run [ RunTime:0.000000s ]
INFO: [ route_check ] --END-- [ RunTime:0.000000s ]
INFO: [ app_begin ] --START--
INFO: ReadHtmlCache Behavior ::run [ RunTime:0.000000s ]
INFO: [ app_begin ] --END-- [ RunTime:0.000000s ]
INFO: [ view_parse ] --START--
INFO: ParseTemplate Behavior ::run [ RunTime:0.015625s ]
INFO: [ view_parse ] --END-- [ RunTime:0.015625s ]
INFO: [ view_filter ] --START--
INFO: ContentReplace Behavior ::run [ RunTime:0.000000s ]
INFO: TokenBuild Behavior ::run [ RunTime:0.000000s ]
INFO: WriteHtmlCache Behavior ::run [ RunTime:0.000000s ]
INFO: ShowRuntime Behavior ::run [ RunTime:0.000000s ]
INFO: [ view_filter ] --END-- [ RunTime:0.000000s ]
INFO: [ view_end ] --START--
INFO: ShowPageTrace Behavior ::run [ RunTime:0.000000s ]
INFO: [ view_end ] --END-- [ RunTime:0.000000s ]

[ 2014-04-28T12:55:52+08:00 ] 127.0.0.1 /management/index.php/Public/verify/
INFO: [ route_check ] --START--
INFO: CheckRoute Behavior ::run [ RunTime:0.000000s ]
INFO: [ route_check ] --END-- [ RunTime:0.000000s ]
INFO: [ app_begin ] --START--
INFO: ReadHtmlCache Behavior ::run [ RunTime:0.000000s ]
INFO: [ app_begin ] --END-- [ RunTime:0.000000s ]

[ 2014-04-28T12:55:57+08:00 ] 127.0.0.1 /management/index.php/Public/login
INFO: [ route_check ] --START--
INFO: CheckRoute Behavior ::run [ RunTime:0.000000s ]
INFO: [ route_check ] --END-- [ RunTime:0.000000s ]
INFO: [ app_begin ] --START--
INFO: ReadHtmlCache Behavior ::run [ RunTime:0.000000s ]
INFO: [ app_begin ] --END-- [ RunTime:0.000000s ]
SQL: SHOW COLUMNS FROM `tp_admin` [ RunTime:0.031250s ]
SQL: SELECT * FROM `tp_admin` WHERE ( `username` = 'admin' ) AND ( `password` = '21232f297a57a5a743894a0e4a801fc3' ) LIMIT 1   [ RunTime:0.015625s ]
SQL: UPDATE `tp_admin` SET `logintime`=1398660957,`loginip`='127.0.0.1' WHERE ( `username` = 'admin' ) AND ( `password` = '21232f297a57a5a743894a0e4a801fc3' ) [ RunTime:0.031250s ]
INFO: [ view_parse ] --START--
INFO: ParseTemplate Behavior ::run [ RunTime:0.015625s ]
INFO: [ view_parse ] --END-- [ RunTime:0.015625s ]
INFO: [ view_filter ] --START--
INFO: ContentReplace Behavior ::run [ RunTime:0.000000s ]
INFO: TokenBuild Behavior ::run [ RunTime:0.000000s ]
INFO: WriteHtmlCache Behavior ::run [ RunTime:0.000000s ]
INFO: ShowRuntime Behavior ::run [ RunTime:0.000000s ]
INFO: [ view_filter ] --END-- [ RunTime:0.000000s ]
INFO: [ view_end ] --START--
INFO: ShowPageTrace Behavior ::run [ RunTime:0.000000s ]
INFO: [ view_end ] --END-- [ RunTime:0.000000s ]

[ 2014-04-28T12:55:58+08:00 ] 127.0.0.1 /management/index.php/Index/index.html
INFO: [ route_check ] --START--
INFO: CheckRoute Behavior ::run [ RunTime:0.000000s ]
INFO: [ route_check ] --END-- [ RunTime:0.000000s ]
INFO: [ app_begin ] --START--
INFO: ReadHtmlCache Behavior ::run [ RunTime:0.015625s ]
INFO: [ app_begin ] --END-- [ RunTime:0.015625s ]
INFO: [ view_parse ] --START--
INFO: ParseTemplate Behavior ::run [ RunTime:0.062500s ]
INFO: [ view_parse ] --END-- [ RunTime:0.062500s ]
INFO: [ view_filter ] --START--
INFO: ContentReplace Behavior ::run [ RunTime:0.000000s ]
INFO: TokenBuild Behavior ::run [ RunTime:0.000000s ]
INFO: WriteHtmlCache Behavior ::run [ RunTime:0.000000s ]
INFO: ShowRuntime Behavior ::run [ RunTime:0.000000s ]
INFO: [ view_filter ] --END-- [ RunTime:0.000000s ]
INFO: [ view_end ] --START--
INFO: ShowPageTrace Behavior ::run [ RunTime:0.000000s ]
INFO: [ view_end ] --END-- [ RunTime:0.000000s ]

[ 2014-04-28T12:55:58+08:00 ] 127.0.0.1 /management/index.php/Public/top
INFO: [ route_check ] --START--
INFO: CheckRoute Behavior ::run [ RunTime:0.000000s ]
INFO: [ route_check ] --END-- [ RunTime:0.000000s ]
INFO: [ app_begin ] --START--
INFO: ReadHtmlCache Behavior ::run [ RunTime:0.000000s ]
INFO: [ app_begin ] --END-- [ RunTime:0.000000s ]
INFO: [ view_parse ] --START--
INFO: ParseTemplate Behavior ::run [ RunTime:0.031250s ]
INFO: [ view_parse ] --END-- [ RunTime:0.031250s ]
INFO: [ view_filter ] --START--
INFO: ContentReplace Behavior ::run [ RunTime:0.000000s ]
INFO: TokenBuild Behavior ::run [ RunTime:0.000000s ]
INFO: WriteHtmlCache Behavior ::run [ RunTime:0.000000s ]
INFO: ShowRuntime Behavior ::run [ RunTime:0.000000s ]
INFO: [ view_filter ] --END-- [ RunTime:0.000000s ]
INFO: [ view_end ] --START--
INFO: ShowPageTrace Behavior ::run [ RunTime:0.000000s ]
INFO: [ view_end ] --END-- [ RunTime:0.000000s ]

[ 2014-04-28T12:55:58+08:00 ] 127.0.0.1 /management/index.php/Public/menu
INFO: [ route_check ] --START--
INFO: CheckRoute Behavior ::run [ RunTime:0.015625s ]
INFO: [ route_check ] --END-- [ RunTime:0.015625s ]
INFO: [ app_begin ] --START--
INFO: ReadHtmlCache Behavior ::run [ RunTime:0.000000s ]
INFO: [ app_begin ] --END-- [ RunTime:0.000000s ]
INFO: [ view_parse ] --START--
INFO: ParseTemplate Behavior ::run [ RunTime:0.031250s ]
INFO: [ view_parse ] --END-- [ RunTime:0.031250s ]
INFO: [ view_filter ] --START--
INFO: ContentReplace Behavior ::run [ RunTime:0.000000s ]
INFO: TokenBuild Behavior ::run [ RunTime:0.015625s ]
INFO: WriteHtmlCache Behavior ::run [ RunTime:0.000000s ]
INFO: ShowRuntime Behavior ::run [ RunTime:0.000000s ]
INFO: [ view_filter ] --END-- [ RunTime:0.015625s ]
INFO: [ view_end ] --START--
INFO: ShowPageTrace Behavior ::run [ RunTime:0.000000s ]
INFO: [ view_end ] --END-- [ RunTime:0.000000s ]

[ 2014-04-28T12:55:58+08:00 ] 127.0.0.1 /management/index.php/Public/main
INFO: [ route_check ] --START--
INFO: CheckRoute Behavior ::run [ RunTime:0.000000s ]
INFO: [ route_check ] --END-- [ RunTime:0.000000s ]
INFO: [ app_begin ] --START--
INFO: ReadHtmlCache Behavior ::run [ RunTime:0.000000s ]
INFO: [ app_begin ] --END-- [ RunTime:0.000000s ]
INFO: [ view_parse ] --START--
INFO: ParseTemplate Behavior ::run [ RunTime:0.046875s ]
INFO: [ view_parse ] --END-- [ RunTime:0.046875s ]
INFO: [ view_filter ] --START--
INFO: ContentReplace Behavior ::run [ RunTime:0.000000s ]
INFO: TokenBuild Behavior ::run [ RunTime:0.000000s ]
INFO: WriteHtmlCache Behavior ::run [ RunTime:0.000000s ]
INFO: ShowRuntime Behavior ::run [ RunTime:0.000000s ]
INFO: [ view_filter ] --END-- [ RunTime:0.000000s ]
INFO: [ view_end ] --START--
INFO: ShowPageTrace Behavior ::run [ RunTime:0.000000s ]
INFO: [ view_end ] --END-- [ RunTime:0.000000s ]

[ 2014-04-28T12:55:59+08:00 ] 127.0.0.1 /management/index.php/Public/main
INFO: [ route_check ] --START--
INFO: CheckRoute Behavior ::run [ RunTime:0.000000s ]
INFO: [ route_check ] --END-- [ RunTime:0.000000s ]
INFO: [ app_begin ] --START--
INFO: ReadHtmlCache Behavior ::run [ RunTime:0.000000s ]
INFO: [ app_begin ] --END-- [ RunTime:0.000000s ]
INFO: [ view_parse ] --START--
INFO: ParseTemplate Behavior ::run [ RunTime:0.000000s ]
INFO: [ view_parse ] --END-- [ RunTime:0.000000s ]
INFO: [ view_filter ] --START--
INFO: ContentReplace Behavior ::run [ RunTime:0.000000s ]
INFO: TokenBuild Behavior ::run [ RunTime:0.000000s ]
INFO: WriteHtmlCache Behavior ::run [ RunTime:0.000000s ]
INFO: ShowRuntime Behavior ::run [ RunTime:0.000000s ]
INFO: [ view_filter ] --END-- [ RunTime:0.000000s ]
INFO: [ view_end ] --START--
INFO: ShowPageTrace Behavior ::run [ RunTime:0.000000s ]
INFO: [ view_end ] --END-- [ RunTime:0.000000s ]

[ 2014-04-28T12:56:01+08:00 ] 127.0.0.1 /management/index.php/Category/index
INFO: [ route_check ] --START--
INFO: CheckRoute Behavior ::run [ RunTime:0.000000s ]
INFO: [ route_check ] --END-- [ RunTime:0.000000s ]
INFO: [ app_begin ] --START--
INFO: ReadHtmlCache Behavior ::run [ RunTime:0.000000s ]
INFO: [ app_begin ] --END-- [ RunTime:0.000000s ]
SQL: SHOW COLUMNS FROM `tp_category` [ RunTime:0.000000s ]
SQL: SELECT * FROM `tp_category` ORDER BY listorder DESC,id  [ RunTime:0.000000s ]
INFO: [ view_parse ] --START--
INFO: ParseTemplate Behavior ::run [ RunTime:0.000000s ]
INFO: [ view_parse ] --END-- [ RunTime:0.000000s ]
INFO: [ view_filter ] --START--
INFO: ContentReplace Behavior ::run [ RunTime:0.000000s ]
INFO: TokenBuild Behavior ::run [ RunTime:0.000000s ]
INFO: WriteHtmlCache Behavior ::run [ RunTime:0.000000s ]
INFO: ShowRuntime Behavior ::run [ RunTime:0.000000s ]
INFO: [ view_filter ] --END-- [ RunTime:0.000000s ]
INFO: [ view_end ] --START--
INFO: ShowPageTrace Behavior ::run [ RunTime:0.000000s ]
INFO: [ view_end ] --END-- [ RunTime:0.000000s ]

[ 2014-04-28T12:56:03+08:00 ] 127.0.0.1 /management/index.php/Category/add
INFO: [ route_check ] --START--
INFO: CheckRoute Behavior ::run [ RunTime:0.000000s ]
INFO: [ route_check ] --END-- [ RunTime:0.000000s ]
INFO: [ app_begin ] --START--
INFO: ReadHtmlCache Behavior ::run [ RunTime:0.000000s ]
INFO: [ app_begin ] --END-- [ RunTime:0.000000s ]
SQL: SHOW COLUMNS FROM `tp_category` [ RunTime:0.000000s ]
SQL: SELECT * FROM `tp_category` ORDER BY listorder DESC,id  [ RunTime:0.000000s ]
INFO: [ view_parse ] --START--
NOTIC: [8] Undefined variable: info F:\kongzhim\wwwroot\cms.com\Management\Runtime\Cache\eacebcd9c8c6be94952585ccd2dcca79.php 第 28 行.
NOTIC: [8] Undefined variable: info F:\kongzhim\wwwroot\cms.com\Management\Runtime\Cache\eacebcd9c8c6be94952585ccd2dcca79.php 第 28 行.
NOTIC: [8] Undefined variable: info F:\kongzhim\wwwroot\cms.com\Management\Runtime\Cache\eacebcd9c8c6be94952585ccd2dcca79.php 第 28 行.
NOTIC: [8] Undefined variable: info F:\kongzhim\wwwroot\cms.com\Management\Runtime\Cache\eacebcd9c8c6be94952585ccd2dcca79.php 第 28 行.
INFO: ParseTemplate Behavior ::run [ RunTime:0.031250s ]
INFO: [ view_parse ] --END-- [ RunTime:0.031250s ]
INFO: [ view_filter ] --START--
INFO: ContentReplace Behavior ::run [ RunTime:0.000000s ]
INFO: TokenBuild Behavior ::run [ RunTime:0.000000s ]
INFO: WriteHtmlCache Behavior ::run [ RunTime:0.015625s ]
INFO: ShowRuntime Behavior ::run [ RunTime:0.000000s ]
INFO: [ view_filter ] --END-- [ RunTime:0.015625s ]
INFO: [ view_end ] --START--
INFO: ShowPageTrace Behavior ::run [ RunTime:0.000000s ]
INFO: [ view_end ] --END-- [ RunTime:0.000000s ]

[ 2014-04-28T12:56:14+08:00 ] 127.0.0.1 /management/index.php/Category/add.html
INFO: [ route_check ] --START--
INFO: CheckRoute Behavior ::run [ RunTime:0.000000s ]
INFO: [ route_check ] --END-- [ RunTime:0.000000s ]
INFO: [ app_begin ] --START--
INFO: ReadHtmlCache Behavior ::run [ RunTime:0.000000s ]
INFO: [ app_begin ] --END-- [ RunTime:0.000000s ]
SQL: SHOW COLUMNS FROM `tp_category` [ RunTime:0.000000s ]
SQL: INSERT INTO `tp_category` (`catname`,`pid`,`thumb`,`dir`,`ismenu`,`seotitle`,`seokey`,`seodes`) VALUES ('的放松放松',4,'','',1,'','','') [ RunTime:0.031250s ]
NOTIC: [2] Missing argument 2 for CategoryAction::pids(), called in F:\kongzhim\wwwroot\cms.com\Management\Lib\Action\CategoryAction.class.php on line 124 and defined F:\kongzhim\wwwroot\cms.com\Management\Lib\Action\CategoryAction.class.php 第 186 行.
SQL: SELECT `pid` FROM `tp_category` WHERE ( id=5 ) LIMIT 1   [ RunTime:0.000000s ]
NOTIC: [8] Undefined variable: array F:\kongzhim\wwwroot\cms.com\Management\Lib\Action\CategoryAction.class.php 第 189 行.
NOTIC: [8] Undefined variable: array F:\kongzhim\wwwroot\cms.com\Management\Lib\Action\CategoryAction.class.php 第 191 行.
SQL: SELECT `pid` FROM `tp_category` WHERE ( id=4 ) LIMIT 1   [ RunTime:0.000000s ]
NOTIC: [8] Undefined variable: array F:\kongzhim\wwwroot\cms.com\Management\Lib\Action\CategoryAction.class.php 第 193 行.
SQL: SELECT `arrchild` FROM `tp_category` WHERE ( id=4 ) LIMIT 1   [ RunTime:0.000000s ]
SQL: UPDATE `tp_category` SET `child`=1,`arrchild`='4,5' WHERE ( id=4 ) [ RunTime:0.000000s ]
SQL: SELECT `arrparent` FROM `tp_category` WHERE ( id=4 ) LIMIT 1   [ RunTime:0.000000s ]
SQL: UPDATE `tp_category` SET `parent`=1,`arrparent`='0,4',`arrchild`=5 WHERE ( id=5 ) [ RunTime:0.000000s ]
SQL: SHOW COLUMNS FROM `tp_page` [ RunTime:0.015625s ]
SQL: INSERT INTO `tp_page` (`catid`,`title`) VALUES (5,'的放松放松') [ RunTime:0.000000s ]
INFO: [ view_parse ] --START--
INFO: ParseTemplate Behavior ::run [ RunTime:0.015625s ]
INFO: [ view_parse ] --END-- [ RunTime:0.015625s ]
INFO: [ view_filter ] --START--
INFO: ContentReplace Behavior ::run [ RunTime:0.000000s ]
INFO: TokenBuild Behavior ::run [ RunTime:0.000000s ]
INFO: WriteHtmlCache Behavior ::run [ RunTime:0.000000s ]
INFO: ShowRuntime Behavior ::run [ RunTime:0.000000s ]
INFO: [ view_filter ] --END-- [ RunTime:0.000000s ]
INFO: [ view_end ] --START--
INFO: ShowPageTrace Behavior ::run [ RunTime:0.000000s ]
INFO: [ view_end ] --END-- [ RunTime:0.000000s ]

[ 2014-04-28T12:56:15+08:00 ] 127.0.0.1 /management/index.php/Category/index.html
INFO: [ route_check ] --START--
INFO: CheckRoute Behavior ::run [ RunTime:0.000000s ]
INFO: [ route_check ] --END-- [ RunTime:0.000000s ]
INFO: [ app_begin ] --START--
INFO: ReadHtmlCache Behavior ::run [ RunTime:0.000000s ]
INFO: [ app_begin ] --END-- [ RunTime:0.000000s ]
SQL: SHOW COLUMNS FROM `tp_category` [ RunTime:0.000000s ]
SQL: SELECT * FROM `tp_category` ORDER BY listorder DESC,id  [ RunTime:0.000000s ]
INFO: [ view_parse ] --START--
INFO: ParseTemplate Behavior ::run [ RunTime:0.000000s ]
INFO: [ view_parse ] --END-- [ RunTime:0.000000s ]
INFO: [ view_filter ] --START--
INFO: ContentReplace Behavior ::run [ RunTime:0.000000s ]
INFO: TokenBuild Behavior ::run [ RunTime:0.000000s ]
INFO: WriteHtmlCache Behavior ::run [ RunTime:0.000000s ]
INFO: ShowRuntime Behavior ::run [ RunTime:0.015625s ]
INFO: [ view_filter ] --END-- [ RunTime:0.015625s ]
INFO: [ view_end ] --START--
INFO: ShowPageTrace Behavior ::run [ RunTime:0.000000s ]
INFO: [ view_end ] --END-- [ RunTime:0.000000s ]

[ 2014-04-28T13:02:19+08:00 ] 127.0.0.1 /management/index.php/Category/index
INFO: [ route_check ] --START--
INFO: CheckRoute Behavior ::run [ RunTime:0.000000s ]
INFO: [ route_check ] --END-- [ RunTime:0.000000s ]
INFO: [ app_begin ] --START--
INFO: ReadHtmlCache Behavior ::run [ RunTime:0.000000s ]
INFO: [ app_begin ] --END-- [ RunTime:0.000000s ]
SQL: SHOW COLUMNS FROM `tp_category` [ RunTime:0.000000s ]
SQL: SELECT * FROM `tp_category` ORDER BY listorder DESC,id  [ RunTime:0.000000s ]
INFO: [ view_parse ] --START--
INFO: ParseTemplate Behavior ::run [ RunTime:0.015625s ]
INFO: [ view_parse ] --END-- [ RunTime:0.015625s ]
INFO: [ view_filter ] --START--
INFO: ContentReplace Behavior ::run [ RunTime:0.000000s ]
INFO: TokenBuild Behavior ::run [ RunTime:0.000000s ]
INFO: WriteHtmlCache Behavior ::run [ RunTime:0.000000s ]
INFO: ShowRuntime Behavior ::run [ RunTime:0.000000s ]
INFO: [ view_filter ] --END-- [ RunTime:0.000000s ]
INFO: [ view_end ] --START--
INFO: ShowPageTrace Behavior ::run [ RunTime:0.000000s ]
INFO: [ view_end ] --END-- [ RunTime:0.000000s ]

[ 2014-04-28T13:48:52+08:00 ] 127.0.0.1 /management/index.php/News/add
INFO: [ route_check ] --START--
INFO: CheckRoute Behavior ::run [ RunTime:0.000000s ]
INFO: [ route_check ] --END-- [ RunTime:0.000000s ]
INFO: [ app_begin ] --START--
INFO: ReadHtmlCache Behavior ::run [ RunTime:0.000000s ]
INFO: [ app_begin ] --END-- [ RunTime:0.000000s ]
SQL: SHOW COLUMNS FROM `tp_category` [ RunTime:0.031250s ]
SQL: SELECT `id`,`pid`,`catname` FROM `tp_category` WHERE ( ispage=0 )  [ RunTime:0.000000s ]
INFO: [ view_parse ] --START--
NOTIC: [8] Undefined variable: info F:\kongzhim\wwwroot\cms.com\Management\Runtime\Cache\e991c27029d09deaf3fd415ec5af8960.php 第 21 行.
NOTIC: [8] Undefined variable: info F:\kongzhim\wwwroot\cms.com\Management\Runtime\Cache\e991c27029d09deaf3fd415ec5af8960.php 第 37 行.
NOTIC: [8] Undefined variable: info F:\kongzhim\wwwroot\cms.com\Management\Runtime\Cache\e991c27029d09deaf3fd415ec5af8960.php 第 43 行.
NOTIC: [8] Undefined variable: info F:\kongzhim\wwwroot\cms.com\Management\Runtime\Cache\e991c27029d09deaf3fd415ec5af8960.php 第 47 行.
NOTIC: [8] Undefined variable: info F:\kongzhim\wwwroot\cms.com\Management\Runtime\Cache\e991c27029d09deaf3fd415ec5af8960.php 第 51 行.
NOTIC: [8] Undefined variable: info F:\kongzhim\wwwroot\cms.com\Management\Runtime\Cache\e991c27029d09deaf3fd415ec5af8960.php 第 55 行.
INFO: ParseTemplate Behavior ::run [ RunTime:0.031250s ]
INFO: [ view_parse ] --END-- [ RunTime:0.031250s ]
INFO: [ view_filter ] --START--
INFO: ContentReplace Behavior ::run [ RunTime:0.000000s ]
INFO: TokenBuild Behavior ::run [ RunTime:0.000000s ]
INFO: WriteHtmlCache Behavior ::run [ RunTime:0.000000s ]
INFO: ShowRuntime Behavior ::run [ RunTime:0.000000s ]
INFO: [ view_filter ] --END-- [ RunTime:0.000000s ]
INFO: [ view_end ] --START--
INFO: ShowPageTrace Behavior ::run [ RunTime:0.000000s ]
INFO: [ view_end ] --END-- [ RunTime:0.000000s ]

[ 2014-04-28T13:48:54+08:00 ] 127.0.0.1 /management/index.php/News/index
INFO: [ route_check ] --START--
INFO: CheckRoute Behavior ::run [ RunTime:0.000000s ]
INFO: [ route_check ] --END-- [ RunTime:0.000000s ]
INFO: [ app_begin ] --START--
INFO: ReadHtmlCache Behavior ::run [ RunTime:0.000000s ]
INFO: [ app_begin ] --END-- [ RunTime:0.000000s ]
SQL: SHOW COLUMNS FROM `tp_news` [ RunTime:0.000000s ]
NOTIC: [2] Invalid argument supplied for foreach() F:\kongzhim\wwwroot\cms.com\Core\Lib\Core\Db.class.php 第 424 行.
SQL: SELECT COUNT(*) AS tp_count FROM `tp_news` LIMIT 1   [ RunTime:0.000000s ]
NOTIC: [2] Invalid argument supplied for foreach() F:\kongzhim\wwwroot\cms.com\Core\Lib\Core\Db.class.php 第 424 行.
SQL: SELECT `id`,`catid`,`title`,`listorder`,`inputtime`,`updatetime`,`thumb` FROM `tp_news` ORDER BY listorder DESC,inputtime DESC LIMIT 0,15   [ RunTime:0.000000s ]
SQL: SHOW COLUMNS FROM `tp_category` [ RunTime:0.015625s ]
SQL: SELECT `id`,`pid`,`catname` FROM `tp_category` WHERE ( ispage=0 )  [ RunTime:0.000000s ]
INFO: [ view_parse ] --START--
NOTIC: [8] Undefined variable: v F:\kongzhim\wwwroot\cms.com\Management\Runtime\Cache\1eedbafd06440eefa7654986be6fc110.php 第 21 行.
NOTIC: [8] Undefined variable: v F:\kongzhim\wwwroot\cms.com\Management\Runtime\Cache\1eedbafd06440eefa7654986be6fc110.php 第 21 行.
NOTIC: [8] Undefined variable: v F:\kongzhim\wwwroot\cms.com\Management\Runtime\Cache\1eedbafd06440eefa7654986be6fc110.php 第 21 行.
NOTIC: [8] Undefined variable: v F:\kongzhim\wwwroot\cms.com\Management\Runtime\Cache\1eedbafd06440eefa7654986be6fc110.php 第 21 行.
NOTIC: [8] Undefined variable: v F:\kongzhim\wwwroot\cms.com\Management\Runtime\Cache\1eedbafd06440eefa7654986be6fc110.php 第 21 行.
NOTIC: [8] Use of undefined constant thumb - assumed 'thumb' F:\kongzhim\wwwroot\cms.com\Management\Runtime\Cache\1eedbafd06440eefa7654986be6fc110.php 第 40 行.
SQL: SELECT `catname` FROM `tp_category` WHERE ( id=2 ) LIMIT 1   [ RunTime:0.000000s ]
NOTIC: [8] Use of undefined constant thumb - assumed 'thumb' F:\kongzhim\wwwroot\cms.com\Management\Runtime\Cache\1eedbafd06440eefa7654986be6fc110.php 第 40 行.
SQL: SELECT `catname` FROM `tp_category` WHERE ( id=2 ) LIMIT 1   [ RunTime:0.000000s ]
NOTIC: [8] Use of undefined constant thumb - assumed 'thumb' F:\kongzhim\wwwroot\cms.com\Management\Runtime\Cache\1eedbafd06440eefa7654986be6fc110.php 第 40 行.
SQL: SELECT `catname` FROM `tp_category` WHERE ( id=2 ) LIMIT 1   [ RunTime:0.000000s ]
NOTIC: [8] Use of undefined constant thumb - assumed 'thumb' F:\kongzhim\wwwroot\cms.com\Management\Runtime\Cache\1eedbafd06440eefa7654986be6fc110.php 第 40 行.
SQL: SELECT `catname` FROM `tp_category` WHERE ( id=2 ) LIMIT 1   [ RunTime:0.000000s ]
NOTIC: [8] Use of undefined constant thumb - assumed 'thumb' F:\kongzhim\wwwroot\cms.com\Management\Runtime\Cache\1eedbafd06440eefa7654986be6fc110.php 第 40 行.
SQL: SELECT `catname` FROM `tp_category` WHERE ( id=2 ) LIMIT 1   [ RunTime:0.000000s ]
NOTIC: [8] Use of undefined constant thumb - assumed 'thumb' F:\kongzhim\wwwroot\cms.com\Management\Runtime\Cache\1eedbafd06440eefa7654986be6fc110.php 第 40 行.
SQL: SELECT `catname` FROM `tp_category` WHERE ( id=2 ) LIMIT 1   [ RunTime:0.000000s ]
INFO: ParseTemplate Behavior ::run [ RunTime:0.031250s ]
INFO: [ view_parse ] --END-- [ RunTime:0.031250s ]
INFO: [ view_filter ] --START--
INFO: ContentReplace Behavior ::run [ RunTime:0.000000s ]
INFO: TokenBuild Behavior ::run [ RunTime:0.000000s ]
INFO: WriteHtmlCache Behavior ::run [ RunTime:0.000000s ]
INFO: ShowRuntime Behavior ::run [ RunTime:0.000000s ]
INFO: [ view_filter ] --END-- [ RunTime:0.000000s ]
INFO: [ view_end ] --START--
INFO: ShowPageTrace Behavior ::run [ RunTime:0.000000s ]
INFO: [ view_end ] --END-- [ RunTime:0.000000s ]

[ 2014-04-28T13:49:00+08:00 ] 127.0.0.1 /management/index.php/News/index/catid/2.html
INFO: [ route_check ] --START--
INFO: CheckRoute Behavior ::run [ RunTime:0.000000s ]
INFO: [ route_check ] --END-- [ RunTime:0.000000s ]
INFO: [ app_begin ] --START--
INFO: ReadHtmlCache Behavior ::run [ RunTime:0.000000s ]
INFO: [ app_begin ] --END-- [ RunTime:0.000000s ]
SQL: SHOW COLUMNS FROM `tp_news` [ RunTime:0.000000s ]
SQL: SELECT COUNT(*) AS tp_count FROM `tp_news` WHERE ( catid=2 ) LIMIT 1   [ RunTime:0.000000s ]
SQL: SELECT `id`,`catid`,`title`,`listorder`,`inputtime`,`updatetime`,`thumb` FROM `tp_news` WHERE ( catid=2 ) ORDER BY listorder DESC,inputtime DESC LIMIT 0,15   [ RunTime:0.000000s ]
SQL: SHOW COLUMNS FROM `tp_category` [ RunTime:0.000000s ]
SQL: SELECT `id`,`pid`,`catname` FROM `tp_category` WHERE ( ispage=0 )  [ RunTime:0.000000s ]
INFO: [ view_parse ] --START--
NOTIC: [8] Undefined variable: v F:\kongzhim\wwwroot\cms.com\Management\Runtime\Cache\1eedbafd06440eefa7654986be6fc110.php 第 21 行.
NOTIC: [8] Undefined variable: v F:\kongzhim\wwwroot\cms.com\Management\Runtime\Cache\1eedbafd06440eefa7654986be6fc110.php 第 21 行.
NOTIC: [8] Undefined variable: v F:\kongzhim\wwwroot\cms.com\Management\Runtime\Cache\1eedbafd06440eefa7654986be6fc110.php 第 21 行.
NOTIC: [8] Undefined variable: v F:\kongzhim\wwwroot\cms.com\Management\Runtime\Cache\1eedbafd06440eefa7654986be6fc110.php 第 21 行.
NOTIC: [8] Undefined variable: v F:\kongzhim\wwwroot\cms.com\Management\Runtime\Cache\1eedbafd06440eefa7654986be6fc110.php 第 21 行.
NOTIC: [8] Use of undefined constant thumb - assumed 'thumb' F:\kongzhim\wwwroot\cms.com\Management\Runtime\Cache\1eedbafd06440eefa7654986be6fc110.php 第 40 行.
SQL: SELECT `catname` FROM `tp_category` WHERE ( id=2 ) LIMIT 1   [ RunTime:0.000000s ]
NOTIC: [8] Use of undefined constant thumb - assumed 'thumb' F:\kongzhim\wwwroot\cms.com\Management\Runtime\Cache\1eedbafd06440eefa7654986be6fc110.php 第 40 行.
SQL: SELECT `catname` FROM `tp_category` WHERE ( id=2 ) LIMIT 1   [ RunTime:0.000000s ]
NOTIC: [8] Use of undefined constant thumb - assumed 'thumb' F:\kongzhim\wwwroot\cms.com\Management\Runtime\Cache\1eedbafd06440eefa7654986be6fc110.php 第 40 行.
SQL: SELECT `catname` FROM `tp_category` WHERE ( id=2 ) LIMIT 1   [ RunTime:0.000000s ]
NOTIC: [8] Use of undefined constant thumb - assumed 'thumb' F:\kongzhim\wwwroot\cms.com\Management\Runtime\Cache\1eedbafd06440eefa7654986be6fc110.php 第 40 行.
SQL: SELECT `catname` FROM `tp_category` WHERE ( id=2 ) LIMIT 1   [ RunTime:0.000000s ]
NOTIC: [8] Use of undefined constant thumb - assumed 'thumb' F:\kongzhim\wwwroot\cms.com\Management\Runtime\Cache\1eedbafd06440eefa7654986be6fc110.php 第 40 行.
SQL: SELECT `catname` FROM `tp_category` WHERE ( id=2 ) LIMIT 1   [ RunTime:0.000000s ]
NOTIC: [8] Use of undefined constant thumb - assumed 'thumb' F:\kongzhim\wwwroot\cms.com\Management\Runtime\Cache\1eedbafd06440eefa7654986be6fc110.php 第 40 行.
SQL: SELECT `catname` FROM `tp_category` WHERE ( id=2 ) LIMIT 1   [ RunTime:0.000000s ]
INFO: ParseTemplate Behavior ::run [ RunTime:0.015625s ]
INFO: [ view_parse ] --END-- [ RunTime:0.015625s ]
INFO: [ view_filter ] --START--
INFO: ContentReplace Behavior ::run [ RunTime:0.000000s ]
INFO: TokenBuild Behavior ::run [ RunTime:0.000000s ]
INFO: WriteHtmlCache Behavior ::run [ RunTime:0.000000s ]
INFO: ShowRuntime Behavior ::run [ RunTime:0.000000s ]
INFO: [ view_filter ] --END-- [ RunTime:0.000000s ]
INFO: [ view_end ] --START--
INFO: ShowPageTrace Behavior ::run [ RunTime:0.000000s ]
INFO: [ view_end ] --END-- [ RunTime:0.000000s ]

[ 2014-04-28T13:49:02+08:00 ] 127.0.0.1 /management/index.php/News/index/catid/1.html
INFO: [ route_check ] --START--
INFO: CheckRoute Behavior ::run [ RunTime:0.000000s ]
INFO: [ route_check ] --END-- [ RunTime:0.000000s ]
INFO: [ app_begin ] --START--
INFO: ReadHtmlCache Behavior ::run [ RunTime:0.000000s ]
INFO: [ app_begin ] --END-- [ RunTime:0.000000s ]
SQL: SHOW COLUMNS FROM `tp_news` [ RunTime:0.031250s ]
SQL: SELECT COUNT(*) AS tp_count FROM `tp_news` WHERE ( catid=1 ) LIMIT 1   [ RunTime:0.000000s ]
SQL: SELECT `id`,`catid`,`title`,`listorder`,`inputtime`,`updatetime`,`thumb` FROM `tp_news` WHERE ( catid=1 ) ORDER BY listorder DESC,inputtime DESC LIMIT 0,15   [ RunTime:0.000000s ]
SQL: SHOW COLUMNS FROM `tp_category` [ RunTime:0.000000s ]
SQL: SELECT `id`,`pid`,`catname` FROM `tp_category` WHERE ( ispage=0 )  [ RunTime:0.000000s ]
INFO: [ view_parse ] --START--
NOTIC: [8] Undefined variable: v F:\kongzhim\wwwroot\cms.com\Management\Runtime\Cache\1eedbafd06440eefa7654986be6fc110.php 第 21 行.
NOTIC: [8] Undefined variable: v F:\kongzhim\wwwroot\cms.com\Management\Runtime\Cache\1eedbafd06440eefa7654986be6fc110.php 第 21 行.
NOTIC: [8] Undefined variable: v F:\kongzhim\wwwroot\cms.com\Management\Runtime\Cache\1eedbafd06440eefa7654986be6fc110.php 第 21 行.
NOTIC: [8] Undefined variable: v F:\kongzhim\wwwroot\cms.com\Management\Runtime\Cache\1eedbafd06440eefa7654986be6fc110.php 第 21 行.
NOTIC: [8] Undefined variable: v F:\kongzhim\wwwroot\cms.com\Management\Runtime\Cache\1eedbafd06440eefa7654986be6fc110.php 第 21 行.
INFO: ParseTemplate Behavior ::run [ RunTime:0.015625s ]
INFO: [ view_parse ] --END-- [ RunTime:0.015625s ]
INFO: [ view_filter ] --START--
INFO: ContentReplace Behavior ::run [ RunTime:0.000000s ]
INFO: TokenBuild Behavior ::run [ RunTime:0.000000s ]
INFO: WriteHtmlCache Behavior ::run [ RunTime:0.000000s ]
INFO: ShowRuntime Behavior ::run [ RunTime:0.000000s ]
INFO: [ view_filter ] --END-- [ RunTime:0.000000s ]
INFO: [ view_end ] --START--
INFO: ShowPageTrace Behavior ::run [ RunTime:0.000000s ]
INFO: [ view_end ] --END-- [ RunTime:0.000000s ]

[ 2014-04-28T13:49:04+08:00 ] 127.0.0.1 /management/index.php/News/index/catid/2.html
INFO: [ route_check ] --START--
INFO: CheckRoute Behavior ::run [ RunTime:0.000000s ]
INFO: [ route_check ] --END-- [ RunTime:0.000000s ]
INFO: [ app_begin ] --START--
INFO: ReadHtmlCache Behavior ::run [ RunTime:0.000000s ]
INFO: [ app_begin ] --END-- [ RunTime:0.000000s ]
SQL: SHOW COLUMNS FROM `tp_news` [ RunTime:0.000000s ]
SQL: SELECT COUNT(*) AS tp_count FROM `tp_news` WHERE ( catid=2 ) LIMIT 1   [ RunTime:0.000000s ]
SQL: SELECT `id`,`catid`,`title`,`listorder`,`inputtime`,`updatetime`,`thumb` FROM `tp_news` WHERE ( catid=2 ) ORDER BY listorder DESC,inputtime DESC LIMIT 0,15   [ RunTime:0.000000s ]
SQL: SHOW COLUMNS FROM `tp_category` [ RunTime:0.000000s ]
SQL: SELECT `id`,`pid`,`catname` FROM `tp_category` WHERE ( ispage=0 )  [ RunTime:0.000000s ]
INFO: [ view_parse ] --START--
NOTIC: [8] Undefined variable: v F:\kongzhim\wwwroot\cms.com\Management\Runtime\Cache\1eedbafd06440eefa7654986be6fc110.php 第 21 行.
NOTIC: [8] Undefined variable: v F:\kongzhim\wwwroot\cms.com\Management\Runtime\Cache\1eedbafd06440eefa7654986be6fc110.php 第 21 行.
NOTIC: [8] Undefined variable: v F:\kongzhim\wwwroot\cms.com\Management\Runtime\Cache\1eedbafd06440eefa7654986be6fc110.php 第 21 行.
NOTIC: [8] Undefined variable: v F:\kongzhim\wwwroot\cms.com\Management\Runtime\Cache\1eedbafd06440eefa7654986be6fc110.php 第 21 行.
NOTIC: [8] Undefined variable: v F:\kongzhim\wwwroot\cms.com\Management\Runtime\Cache\1eedbafd06440eefa7654986be6fc110.php 第 21 行.
NOTIC: [8] Use of undefined constant thumb - assumed 'thumb' F:\kongzhim\wwwroot\cms.com\Management\Runtime\Cache\1eedbafd06440eefa7654986be6fc110.php 第 40 行.
SQL: SELECT `catname` FROM `tp_category` WHERE ( id=2 ) LIMIT 1   [ RunTime:0.000000s ]
NOTIC: [8] Use of undefined constant thumb - assumed 'thumb' F:\kongzhim\wwwroot\cms.com\Management\Runtime\Cache\1eedbafd06440eefa7654986be6fc110.php 第 40 行.
SQL: SELECT `catname` FROM `tp_category` WHERE ( id=2 ) LIMIT 1   [ RunTime:0.000000s ]
NOTIC: [8] Use of undefined constant thumb - assumed 'thumb' F:\kongzhim\wwwroot\cms.com\Management\Runtime\Cache\1eedbafd06440eefa7654986be6fc110.php 第 40 行.
SQL: SELECT `catname` FROM `tp_category` WHERE ( id=2 ) LIMIT 1   [ RunTime:0.000000s ]
NOTIC: [8] Use of undefined constant thumb - assumed 'thumb' F:\kongzhim\wwwroot\cms.com\Management\Runtime\Cache\1eedbafd06440eefa7654986be6fc110.php 第 40 行.
SQL: SELECT `catname` FROM `tp_category` WHERE ( id=2 ) LIMIT 1   [ RunTime:0.000000s ]
NOTIC: [8] Use of undefined constant thumb - assumed 'thumb' F:\kongzhim\wwwroot\cms.com\Management\Runtime\Cache\1eedbafd06440eefa7654986be6fc110.php 第 40 行.
SQL: SELECT `catname` FROM `tp_category` WHERE ( id=2 ) LIMIT 1   [ RunTime:0.000000s ]
NOTIC: [8] Use of undefined constant thumb - assumed 'thumb' F:\kongzhim\wwwroot\cms.com\Management\Runtime\Cache\1eedbafd06440eefa7654986be6fc110.php 第 40 行.
SQL: SELECT `catname` FROM `tp_category` WHERE ( id=2 ) LIMIT 1   [ RunTime:0.000000s ]
INFO: ParseTemplate Behavior ::run [ RunTime:0.015625s ]
INFO: [ view_parse ] --END-- [ RunTime:0.015625s ]
INFO: [ view_filter ] --START--
INFO: ContentReplace Behavior ::run [ RunTime:0.000000s ]
INFO: TokenBuild Behavior ::run [ RunTime:0.000000s ]
INFO: WriteHtmlCache Behavior ::run [ RunTime:0.000000s ]
INFO: ShowRuntime Behavior ::run [ RunTime:0.000000s ]
INFO: [ view_filter ] --END-- [ RunTime:0.000000s ]
INFO: [ view_end ] --START--
INFO: ShowPageTrace Behavior ::run [ RunTime:0.000000s ]
INFO: [ view_end ] --END-- [ RunTime:0.000000s ]

[ 2014-04-28T13:49:06+08:00 ] 127.0.0.1 /management/index.php/News/index/catid/1.html
INFO: [ route_check ] --START--
INFO: CheckRoute Behavior ::run [ RunTime:0.000000s ]
INFO: [ route_check ] --END-- [ RunTime:0.000000s ]
INFO: [ app_begin ] --START--
INFO: ReadHtmlCache Behavior ::run [ RunTime:0.000000s ]
INFO: [ app_begin ] --END-- [ RunTime:0.000000s ]
SQL: SHOW COLUMNS FROM `tp_news` [ RunTime:0.000000s ]
SQL: SELECT COUNT(*) AS tp_count FROM `tp_news` WHERE ( catid=1 ) LIMIT 1   [ RunTime:0.000000s ]
SQL: SELECT `id`,`catid`,`title`,`listorder`,`inputtime`,`updatetime`,`thumb` FROM `tp_news` WHERE ( catid=1 ) ORDER BY listorder DESC,inputtime DESC LIMIT 0,15   [ RunTime:0.000000s ]
SQL: SHOW COLUMNS FROM `tp_category` [ RunTime:0.000000s ]
SQL: SELECT `id`,`pid`,`catname` FROM `tp_category` WHERE ( ispage=0 )  [ RunTime:0.000000s ]
INFO: [ view_parse ] --START--
NOTIC: [8] Undefined variable: v F:\kongzhim\wwwroot\cms.com\Management\Runtime\Cache\1eedbafd06440eefa7654986be6fc110.php 第 21 行.
NOTIC: [8] Undefined variable: v F:\kongzhim\wwwroot\cms.com\Management\Runtime\Cache\1eedbafd06440eefa7654986be6fc110.php 第 21 行.
NOTIC: [8] Undefined variable: v F:\kongzhim\wwwroot\cms.com\Management\Runtime\Cache\1eedbafd06440eefa7654986be6fc110.php 第 21 行.
NOTIC: [8] Undefined variable: v F:\kongzhim\wwwroot\cms.com\Management\Runtime\Cache\1eedbafd06440eefa7654986be6fc110.php 第 21 行.
NOTIC: [8] Undefined variable: v F:\kongzhim\wwwroot\cms.com\Management\Runtime\Cache\1eedbafd06440eefa7654986be6fc110.php 第 21 行.
INFO: ParseTemplate Behavior ::run [ RunTime:0.015625s ]
INFO: [ view_parse ] --END-- [ RunTime:0.015625s ]
INFO: [ view_filter ] --START--
INFO: ContentReplace Behavior ::run [ RunTime:0.000000s ]
INFO: TokenBuild Behavior ::run [ RunTime:0.000000s ]
INFO: WriteHtmlCache Behavior ::run [ RunTime:0.000000s ]
INFO: ShowRuntime Behavior ::run [ RunTime:0.000000s ]
INFO: [ view_filter ] --END-- [ RunTime:0.000000s ]
INFO: [ view_end ] --START--
INFO: ShowPageTrace Behavior ::run [ RunTime:0.000000s ]
INFO: [ view_end ] --END-- [ RunTime:0.000000s ]

[ 2014-04-28T13:49:09+08:00 ] 127.0.0.1 /management/index.php/News/index/catid/3.html
INFO: [ route_check ] --START--
INFO: CheckRoute Behavior ::run [ RunTime:0.000000s ]
INFO: [ route_check ] --END-- [ RunTime:0.000000s ]
INFO: [ app_begin ] --START--
INFO: ReadHtmlCache Behavior ::run [ RunTime:0.000000s ]
INFO: [ app_begin ] --END-- [ RunTime:0.000000s ]
SQL: SHOW COLUMNS FROM `tp_news` [ RunTime:0.000000s ]
SQL: SELECT COUNT(*) AS tp_count FROM `tp_news` WHERE ( catid=3 ) LIMIT 1   [ RunTime:0.000000s ]
SQL: SELECT `id`,`catid`,`title`,`listorder`,`inputtime`,`updatetime`,`thumb` FROM `tp_news` WHERE ( catid=3 ) ORDER BY listorder DESC,inputtime DESC LIMIT 0,15   [ RunTime:0.000000s ]
SQL: SHOW COLUMNS FROM `tp_category` [ RunTime:0.000000s ]
SQL: SELECT `id`,`pid`,`catname` FROM `tp_category` WHERE ( ispage=0 )  [ RunTime:0.000000s ]
INFO: [ view_parse ] --START--
NOTIC: [8] Undefined variable: v F:\kongzhim\wwwroot\cms.com\Management\Runtime\Cache\1eedbafd06440eefa7654986be6fc110.php 第 21 行.
NOTIC: [8] Undefined variable: v F:\kongzhim\wwwroot\cms.com\Management\Runtime\Cache\1eedbafd06440eefa7654986be6fc110.php 第 21 行.
NOTIC: [8] Undefined variable: v F:\kongzhim\wwwroot\cms.com\Management\Runtime\Cache\1eedbafd06440eefa7654986be6fc110.php 第 21 行.
NOTIC: [8] Undefined variable: v F:\kongzhim\wwwroot\cms.com\Management\Runtime\Cache\1eedbafd06440eefa7654986be6fc110.php 第 21 行.
NOTIC: [8] Undefined variable: v F:\kongzhim\wwwroot\cms.com\Management\Runtime\Cache\1eedbafd06440eefa7654986be6fc110.php 第 21 行.
INFO: ParseTemplate Behavior ::run [ RunTime:0.000000s ]
INFO: [ view_parse ] --END-- [ RunTime:0.000000s ]
INFO: [ view_filter ] --START--
INFO: ContentReplace Behavior ::run [ RunTime:0.000000s ]
INFO: TokenBuild Behavior ::run [ RunTime:0.000000s ]
INFO: WriteHtmlCache Behavior ::run [ RunTime:0.000000s ]
INFO: ShowRuntime Behavior ::run [ RunTime:0.000000s ]
INFO: [ view_filter ] --END-- [ RunTime:0.000000s ]
INFO: [ view_end ] --START--
INFO: ShowPageTrace Behavior ::run [ RunTime:0.000000s ]
INFO: [ view_end ] --END-- [ RunTime:0.000000s ]

[ 2014-04-28T13:49:11+08:00 ] 127.0.0.1 /management/index.php/News/index/catid/2.html
INFO: [ route_check ] --START--
INFO: CheckRoute Behavior ::run [ RunTime:0.015625s ]
INFO: [ route_check ] --END-- [ RunTime:0.015625s ]
INFO: [ app_begin ] --START--
INFO: ReadHtmlCache Behavior ::run [ RunTime:0.000000s ]
INFO: [ app_begin ] --END-- [ RunTime:0.000000s ]
SQL: SHOW COLUMNS FROM `tp_news` [ RunTime:0.000000s ]
SQL: SELECT COUNT(*) AS tp_count FROM `tp_news` WHERE ( catid=2 ) LIMIT 1   [ RunTime:0.000000s ]
SQL: SELECT `id`,`catid`,`title`,`listorder`,`inputtime`,`updatetime`,`thumb` FROM `tp_news` WHERE ( catid=2 ) ORDER BY listorder DESC,inputtime DESC LIMIT 0,15   [ RunTime:0.000000s ]
SQL: SHOW COLUMNS FROM `tp_category` [ RunTime:0.015625s ]
SQL: SELECT `id`,`pid`,`catname` FROM `tp_category` WHERE ( ispage=0 )  [ RunTime:0.000000s ]
INFO: [ view_parse ] --START--
NOTIC: [8] Undefined variable: v F:\kongzhim\wwwroot\cms.com\Management\Runtime\Cache\1eedbafd06440eefa7654986be6fc110.php 第 21 行.
NOTIC: [8] Undefined variable: v F:\kongzhim\wwwroot\cms.com\Management\Runtime\Cache\1eedbafd06440eefa7654986be6fc110.php 第 21 行.
NOTIC: [8] Undefined variable: v F:\kongzhim\wwwroot\cms.com\Management\Runtime\Cache\1eedbafd06440eefa7654986be6fc110.php 第 21 行.
NOTIC: [8] Undefined variable: v F:\kongzhim\wwwroot\cms.com\Management\Runtime\Cache\1eedbafd06440eefa7654986be6fc110.php 第 21 行.
NOTIC: [8] Undefined variable: v F:\kongzhim\wwwroot\cms.com\Management\Runtime\Cache\1eedbafd06440eefa7654986be6fc110.php 第 21 行.
NOTIC: [8] Use of undefined constant thumb - assumed 'thumb' F:\kongzhim\wwwroot\cms.com\Management\Runtime\Cache\1eedbafd06440eefa7654986be6fc110.php 第 40 行.
SQL: SELECT `catname` FROM `tp_category` WHERE ( id=2 ) LIMIT 1   [ RunTime:0.000000s ]
NOTIC: [8] Use of undefined constant thumb - assumed 'thumb' F:\kongzhim\wwwroot\cms.com\Management\Runtime\Cache\1eedbafd06440eefa7654986be6fc110.php 第 40 行.
SQL: SELECT `catname` FROM `tp_category` WHERE ( id=2 ) LIMIT 1   [ RunTime:0.000000s ]
NOTIC: [8] Use of undefined constant thumb - assumed 'thumb' F:\kongzhim\wwwroot\cms.com\Management\Runtime\Cache\1eedbafd06440eefa7654986be6fc110.php 第 40 行.
SQL: SELECT `catname` FROM `tp_category` WHERE ( id=2 ) LIMIT 1   [ RunTime:0.000000s ]
NOTIC: [8] Use of undefined constant thumb - assumed 'thumb' F:\kongzhim\wwwroot\cms.com\Management\Runtime\Cache\1eedbafd06440eefa7654986be6fc110.php 第 40 行.
SQL: SELECT `catname` FROM `tp_category` WHERE ( id=2 ) LIMIT 1   [ RunTime:0.000000s ]
NOTIC: [8] Use of undefined constant thumb - assumed 'thumb' F:\kongzhim\wwwroot\cms.com\Management\Runtime\Cache\1eedbafd06440eefa7654986be6fc110.php 第 40 行.
SQL: SELECT `catname` FROM `tp_category` WHERE ( id=2 ) LIMIT 1   [ RunTime:0.000000s ]
NOTIC: [8] Use of undefined constant thumb - assumed 'thumb' F:\kongzhim\wwwroot\cms.com\Management\Runtime\Cache\1eedbafd06440eefa7654986be6fc110.php 第 40 行.
SQL: SELECT `catname` FROM `tp_category` WHERE ( id=2 ) LIMIT 1   [ RunTime:0.000000s ]
INFO: ParseTemplate Behavior ::run [ RunTime:0.015625s ]
INFO: [ view_parse ] --END-- [ RunTime:0.015625s ]
INFO: [ view_filter ] --START--
INFO: ContentReplace Behavior ::run [ RunTime:0.000000s ]
INFO: TokenBuild Behavior ::run [ RunTime:0.000000s ]
INFO: WriteHtmlCache Behavior ::run [ RunTime:0.000000s ]
INFO: ShowRuntime Behavior ::run [ RunTime:0.000000s ]
INFO: [ view_filter ] --END-- [ RunTime:0.000000s ]
INFO: [ view_end ] --START--
INFO: ShowPageTrace Behavior ::run [ RunTime:0.000000s ]
INFO: [ view_end ] --END-- [ RunTime:0.000000s ]

[ 2014-04-28T13:50:49+08:00 ] 127.0.0.1 /management/index.php/Category/add
INFO: [ route_check ] --START--
INFO: CheckRoute Behavior ::run [ RunTime:0.000000s ]
INFO: [ route_check ] --END-- [ RunTime:0.000000s ]
INFO: [ app_begin ] --START--
INFO: ReadHtmlCache Behavior ::run [ RunTime:0.000000s ]
INFO: [ app_begin ] --END-- [ RunTime:0.000000s ]
SQL: SHOW COLUMNS FROM `tp_category` [ RunTime:0.000000s ]
SQL: SELECT * FROM `tp_category` ORDER BY listorder DESC,id  [ RunTime:0.000000s ]
INFO: [ view_parse ] --START--
NOTIC: [8] Undefined variable: info F:\kongzhim\wwwroot\cms.com\Management\Runtime\Cache\eacebcd9c8c6be94952585ccd2dcca79.php 第 28 行.
NOTIC: [8] Undefined variable: info F:\kongzhim\wwwroot\cms.com\Management\Runtime\Cache\eacebcd9c8c6be94952585ccd2dcca79.php 第 28 行.
NOTIC: [8] Undefined variable: info F:\kongzhim\wwwroot\cms.com\Management\Runtime\Cache\eacebcd9c8c6be94952585ccd2dcca79.php 第 28 行.
NOTIC: [8] Undefined variable: info F:\kongzhim\wwwroot\cms.com\Management\Runtime\Cache\eacebcd9c8c6be94952585ccd2dcca79.php 第 28 行.
NOTIC: [8] Undefined variable: info F:\kongzhim\wwwroot\cms.com\Management\Runtime\Cache\eacebcd9c8c6be94952585ccd2dcca79.php 第 28 行.
INFO: ParseTemplate Behavior ::run [ RunTime:0.015625s ]
INFO: [ view_parse ] --END-- [ RunTime:0.015625s ]
INFO: [ view_filter ] --START--
INFO: ContentReplace Behavior ::run [ RunTime:0.000000s ]
INFO: TokenBuild Behavior ::run [ RunTime:0.000000s ]
INFO: WriteHtmlCache Behavior ::run [ RunTime:0.000000s ]
INFO: ShowRuntime Behavior ::run [ RunTime:0.000000s ]
INFO: [ view_filter ] --END-- [ RunTime:0.000000s ]
INFO: [ view_end ] --START--
INFO: ShowPageTrace Behavior ::run [ RunTime:0.000000s ]
INFO: [ view_end ] --END-- [ RunTime:0.000000s ]

