[ 2014-05-04T17:28:26+08:00 ] 127.0.0.1 /management/index.php/Public/main
INFO: [ route_check ] --START--
INFO: CheckRoute Behavior ::run [ RunTime:0.000000s ]
INFO: [ route_check ] --END-- [ RunTime:0.000000s ]
INFO: [ app_begin ] --START--
INFO: ReadHtmlCache Behavior ::run [ RunTime:0.000000s ]
INFO: [ app_begin ] --END-- [ RunTime:0.000000s ]
INFO: [ view_parse ] --START--
INFO: ParseTemplate Behavior ::run [ RunTime:0.000000s ]
INFO: [ view_parse ] --END-- [ RunTime:0.000000s ]
INFO: [ view_filter ] --START--
INFO: ContentReplace Behavior ::run [ RunTime:0.000000s ]
INFO: TokenBuild Behavior ::run [ RunTime:0.000000s ]
INFO: WriteHtmlCache Behavior ::run [ RunTime:0.000000s ]
INFO: ShowRuntime Behavior ::run [ RunTime:0.000000s ]
INFO: [ view_filter ] --END-- [ RunTime:0.000000s ]
INFO: [ view_end ] --START--
INFO: ShowPageTrace Behavior ::run [ RunTime:0.000000s ]
INFO: [ view_end ] --END-- [ RunTime:0.000000s ]

[ 2014-05-04T17:28:27+08:00 ] 127.0.0.1 /management/index.php/Public/main
INFO: [ route_check ] --START--
INFO: CheckRoute Behavior ::run [ RunTime:0.000000s ]
INFO: [ route_check ] --END-- [ RunTime:0.000000s ]
INFO: [ app_begin ] --START--
INFO: ReadHtmlCache Behavior ::run [ RunTime:0.000000s ]
INFO: [ app_begin ] --END-- [ RunTime:0.000000s ]
INFO: [ view_parse ] --START--
INFO: ParseTemplate Behavior ::run [ RunTime:0.015625s ]
INFO: [ view_parse ] --END-- [ RunTime:0.015625s ]
INFO: [ view_filter ] --START--
INFO: ContentReplace Behavior ::run [ RunTime:0.000000s ]
INFO: TokenBuild Behavior ::run [ RunTime:0.000000s ]
INFO: WriteHtmlCache Behavior ::run [ RunTime:0.000000s ]
INFO: ShowRuntime Behavior ::run [ RunTime:0.000000s ]
INFO: [ view_filter ] --END-- [ RunTime:0.000000s ]
INFO: [ view_end ] --START--
INFO: ShowPageTrace Behavior ::run [ RunTime:0.000000s ]
INFO: [ view_end ] --END-- [ RunTime:0.000000s ]

[ 2014-05-04T17:28:51+08:00 ] 127.0.0.1 /management/index.php/Category/index
INFO: [ route_check ] --START--
INFO: CheckRoute Behavior ::run [ RunTime:0.000000s ]
INFO: [ route_check ] --END-- [ RunTime:0.000000s ]
INFO: [ app_begin ] --START--
INFO: ReadHtmlCache Behavior ::run [ RunTime:0.000000s ]
INFO: [ app_begin ] --END-- [ RunTime:0.000000s ]
SQL: SHOW COLUMNS FROM `tp_category` [ RunTime:0.015625s ]
SQL: SELECT * FROM `tp_category` ORDER BY listorder DESC,id  [ RunTime:0.000000s ]
INFO: [ view_parse ] --START--
INFO: ParseTemplate Behavior ::run [ RunTime:0.000000s ]
INFO: [ view_parse ] --END-- [ RunTime:0.000000s ]
INFO: [ view_filter ] --START--
INFO: ContentReplace Behavior ::run [ RunTime:0.000000s ]
INFO: TokenBuild Behavior ::run [ RunTime:0.000000s ]
INFO: WriteHtmlCache Behavior ::run [ RunTime:0.000000s ]
INFO: ShowRuntime Behavior ::run [ RunTime:0.000000s ]
INFO: [ view_filter ] --END-- [ RunTime:0.000000s ]
INFO: [ view_end ] --START--
INFO: ShowPageTrace Behavior ::run [ RunTime:0.000000s ]
INFO: [ view_end ] --END-- [ RunTime:0.000000s ]

[ 2014-05-04T17:28:53+08:00 ] 127.0.0.1 /management/index.php/Category/add
INFO: [ route_check ] --START--
INFO: CheckRoute Behavior ::run [ RunTime:0.000000s ]
INFO: [ route_check ] --END-- [ RunTime:0.000000s ]
INFO: [ app_begin ] --START--
INFO: ReadHtmlCache Behavior ::run [ RunTime:0.000000s ]
INFO: [ app_begin ] --END-- [ RunTime:0.000000s ]
SQL: SHOW COLUMNS FROM `tp_category` [ RunTime:0.000000s ]
SQL: SELECT * FROM `tp_category` ORDER BY listorder DESC,id  [ RunTime:0.000000s ]
INFO: [ view_parse ] --START--
NOTIC: [8] Undefined variable: info F:\kongzhim\wwwroot\cms.com\Management\Runtime\Cache\eacebcd9c8c6be94952585ccd2dcca79.php 第 28 行.
NOTIC: [8] Undefined variable: info F:\kongzhim\wwwroot\cms.com\Management\Runtime\Cache\eacebcd9c8c6be94952585ccd2dcca79.php 第 28 行.
NOTIC: [8] Undefined variable: info F:\kongzhim\wwwroot\cms.com\Management\Runtime\Cache\eacebcd9c8c6be94952585ccd2dcca79.php 第 28 行.
NOTIC: [8] Undefined variable: info F:\kongzhim\wwwroot\cms.com\Management\Runtime\Cache\eacebcd9c8c6be94952585ccd2dcca79.php 第 28 行.
NOTIC: [8] Undefined variable: info F:\kongzhim\wwwroot\cms.com\Management\Runtime\Cache\eacebcd9c8c6be94952585ccd2dcca79.php 第 28 行.
INFO: ParseTemplate Behavior ::run [ RunTime:0.000000s ]
INFO: [ view_parse ] --END-- [ RunTime:0.000000s ]
INFO: [ view_filter ] --START--
INFO: ContentReplace Behavior ::run [ RunTime:0.000000s ]
INFO: TokenBuild Behavior ::run [ RunTime:0.000000s ]
INFO: WriteHtmlCache Behavior ::run [ RunTime:0.000000s ]
INFO: ShowRuntime Behavior ::run [ RunTime:0.000000s ]
INFO: [ view_filter ] --END-- [ RunTime:0.000000s ]
INFO: [ view_end ] --START--
INFO: ShowPageTrace Behavior ::run [ RunTime:0.000000s ]
INFO: [ view_end ] --END-- [ RunTime:0.000000s ]

[ 2014-05-04T17:28:57+08:00 ] 127.0.0.1 /management/index.php/Category/index
INFO: [ route_check ] --START--
INFO: CheckRoute Behavior ::run [ RunTime:0.000000s ]
INFO: [ route_check ] --END-- [ RunTime:0.000000s ]
INFO: [ app_begin ] --START--
INFO: ReadHtmlCache Behavior ::run [ RunTime:0.000000s ]
INFO: [ app_begin ] --END-- [ RunTime:0.000000s ]
SQL: SHOW COLUMNS FROM `tp_category` [ RunTime:0.000000s ]
SQL: SELECT * FROM `tp_category` ORDER BY listorder DESC,id  [ RunTime:0.000000s ]
INFO: [ view_parse ] --START--
INFO: ParseTemplate Behavior ::run [ RunTime:0.015625s ]
INFO: [ view_parse ] --END-- [ RunTime:0.015625s ]
INFO: [ view_filter ] --START--
INFO: ContentReplace Behavior ::run [ RunTime:0.000000s ]
INFO: TokenBuild Behavior ::run [ RunTime:0.000000s ]
INFO: WriteHtmlCache Behavior ::run [ RunTime:0.000000s ]
INFO: ShowRuntime Behavior ::run [ RunTime:0.000000s ]
INFO: [ view_filter ] --END-- [ RunTime:0.000000s ]
INFO: [ view_end ] --START--
INFO: ShowPageTrace Behavior ::run [ RunTime:0.000000s ]
INFO: [ view_end ] --END-- [ RunTime:0.000000s ]

[ 2014-05-04T17:28:59+08:00 ] 127.0.0.1 /management/index.php/News/index
INFO: [ route_check ] --START--
INFO: CheckRoute Behavior ::run [ RunTime:0.000000s ]
INFO: [ route_check ] --END-- [ RunTime:0.000000s ]
INFO: [ app_begin ] --START--
INFO: ReadHtmlCache Behavior ::run [ RunTime:0.000000s ]
INFO: [ app_begin ] --END-- [ RunTime:0.000000s ]
SQL: SHOW COLUMNS FROM `tp_news` [ RunTime:0.000000s ]
NOTIC: [2] Invalid argument supplied for foreach() F:\kongzhim\wwwroot\cms.com\Core\Lib\Core\Db.class.php 第 424 行.
SQL: SELECT COUNT(*) AS tp_count FROM `tp_news` LIMIT 1   [ RunTime:0.000000s ]
NOTIC: [2] Invalid argument supplied for foreach() F:\kongzhim\wwwroot\cms.com\Core\Lib\Core\Db.class.php 第 424 行.
SQL: SELECT `id`,`catid`,`title`,`listorder`,`inputtime`,`updatetime`,`thumb` FROM `tp_news` ORDER BY listorder DESC,inputtime DESC LIMIT 0,15   [ RunTime:0.000000s ]
SQL: SHOW COLUMNS FROM `tp_category` [ RunTime:0.000000s ]
SQL: SELECT `id`,`pid`,`catname` FROM `tp_category` WHERE ( ispage=0 )  [ RunTime:0.000000s ]
INFO: [ view_parse ] --START--
NOTIC: [8] Undefined variable: v F:\kongzhim\wwwroot\cms.com\Management\Runtime\Cache\1eedbafd06440eefa7654986be6fc110.php 第 21 行.
NOTIC: [8] Undefined variable: v F:\kongzhim\wwwroot\cms.com\Management\Runtime\Cache\1eedbafd06440eefa7654986be6fc110.php 第 21 行.
NOTIC: [8] Undefined variable: v F:\kongzhim\wwwroot\cms.com\Management\Runtime\Cache\1eedbafd06440eefa7654986be6fc110.php 第 21 行.
NOTIC: [8] Undefined variable: v F:\kongzhim\wwwroot\cms.com\Management\Runtime\Cache\1eedbafd06440eefa7654986be6fc110.php 第 21 行.
NOTIC: [8] Undefined variable: v F:\kongzhim\wwwroot\cms.com\Management\Runtime\Cache\1eedbafd06440eefa7654986be6fc110.php 第 21 行.
NOTIC: [8] Use of undefined constant thumb - assumed 'thumb' F:\kongzhim\wwwroot\cms.com\Management\Runtime\Cache\1eedbafd06440eefa7654986be6fc110.php 第 40 行.
SQL: SELECT `catname` FROM `tp_category` WHERE ( id=3 ) LIMIT 1   [ RunTime:0.000000s ]
NOTIC: [8] Use of undefined constant thumb - assumed 'thumb' F:\kongzhim\wwwroot\cms.com\Management\Runtime\Cache\1eedbafd06440eefa7654986be6fc110.php 第 40 行.
SQL: SELECT `catname` FROM `tp_category` WHERE ( id=2 ) LIMIT 1   [ RunTime:0.000000s ]
NOTIC: [8] Use of undefined constant thumb - assumed 'thumb' F:\kongzhim\wwwroot\cms.com\Management\Runtime\Cache\1eedbafd06440eefa7654986be6fc110.php 第 40 行.
SQL: SELECT `catname` FROM `tp_category` WHERE ( id=2 ) LIMIT 1   [ RunTime:0.000000s ]
NOTIC: [8] Use of undefined constant thumb - assumed 'thumb' F:\kongzhim\wwwroot\cms.com\Management\Runtime\Cache\1eedbafd06440eefa7654986be6fc110.php 第 40 行.
SQL: SELECT `catname` FROM `tp_category` WHERE ( id=2 ) LIMIT 1   [ RunTime:0.000000s ]
NOTIC: [8] Use of undefined constant thumb - assumed 'thumb' F:\kongzhim\wwwroot\cms.com\Management\Runtime\Cache\1eedbafd06440eefa7654986be6fc110.php 第 40 行.
SQL: SELECT `catname` FROM `tp_category` WHERE ( id=2 ) LIMIT 1   [ RunTime:0.000000s ]
NOTIC: [8] Use of undefined constant thumb - assumed 'thumb' F:\kongzhim\wwwroot\cms.com\Management\Runtime\Cache\1eedbafd06440eefa7654986be6fc110.php 第 40 行.
SQL: SELECT `catname` FROM `tp_category` WHERE ( id=2 ) LIMIT 1   [ RunTime:0.000000s ]
INFO: ParseTemplate Behavior ::run [ RunTime:0.015625s ]
INFO: [ view_parse ] --END-- [ RunTime:0.015625s ]
INFO: [ view_filter ] --START--
INFO: ContentReplace Behavior ::run [ RunTime:0.000000s ]
INFO: TokenBuild Behavior ::run [ RunTime:0.000000s ]
INFO: WriteHtmlCache Behavior ::run [ RunTime:0.000000s ]
INFO: ShowRuntime Behavior ::run [ RunTime:0.000000s ]
INFO: [ view_filter ] --END-- [ RunTime:0.000000s ]
INFO: [ view_end ] --START--
INFO: ShowPageTrace Behavior ::run [ RunTime:0.000000s ]
INFO: [ view_end ] --END-- [ RunTime:0.000000s ]

[ 2014-05-04T17:29:03+08:00 ] 127.0.0.1 /management/index.php/Category/index
INFO: [ route_check ] --START--
INFO: CheckRoute Behavior ::run [ RunTime:0.000000s ]
INFO: [ route_check ] --END-- [ RunTime:0.000000s ]
INFO: [ app_begin ] --START--
INFO: ReadHtmlCache Behavior ::run [ RunTime:0.000000s ]
INFO: [ app_begin ] --END-- [ RunTime:0.000000s ]
SQL: SHOW COLUMNS FROM `tp_category` [ RunTime:0.015625s ]
SQL: SELECT * FROM `tp_category` ORDER BY listorder DESC,id  [ RunTime:0.000000s ]
INFO: [ view_parse ] --START--
INFO: ParseTemplate Behavior ::run [ RunTime:0.000000s ]
INFO: [ view_parse ] --END-- [ RunTime:0.000000s ]
INFO: [ view_filter ] --START--
INFO: ContentReplace Behavior ::run [ RunTime:0.000000s ]
INFO: TokenBuild Behavior ::run [ RunTime:0.000000s ]
INFO: WriteHtmlCache Behavior ::run [ RunTime:0.000000s ]
INFO: ShowRuntime Behavior ::run [ RunTime:0.000000s ]
INFO: [ view_filter ] --END-- [ RunTime:0.000000s ]
INFO: [ view_end ] --START--
INFO: ShowPageTrace Behavior ::run [ RunTime:0.000000s ]
INFO: [ view_end ] --END-- [ RunTime:0.000000s ]

[ 2014-05-04T17:29:12+08:00 ] 127.0.0.1 /management/index.php/News/index
INFO: [ route_check ] --START--
INFO: CheckRoute Behavior ::run [ RunTime:0.000000s ]
INFO: [ route_check ] --END-- [ RunTime:0.000000s ]
INFO: [ app_begin ] --START--
INFO: ReadHtmlCache Behavior ::run [ RunTime:0.000000s ]
INFO: [ app_begin ] --END-- [ RunTime:0.000000s ]
SQL: SHOW COLUMNS FROM `tp_news` [ RunTime:0.000000s ]
NOTIC: [2] Invalid argument supplied for foreach() F:\kongzhim\wwwroot\cms.com\Core\Lib\Core\Db.class.php 第 424 行.
SQL: SELECT COUNT(*) AS tp_count FROM `tp_news` LIMIT 1   [ RunTime:0.000000s ]
NOTIC: [2] Invalid argument supplied for foreach() F:\kongzhim\wwwroot\cms.com\Core\Lib\Core\Db.class.php 第 424 行.
SQL: SELECT `id`,`catid`,`title`,`listorder`,`inputtime`,`updatetime`,`thumb` FROM `tp_news` ORDER BY listorder DESC,inputtime DESC LIMIT 0,15   [ RunTime:0.000000s ]
SQL: SHOW COLUMNS FROM `tp_category` [ RunTime:0.000000s ]
SQL: SELECT `id`,`pid`,`catname` FROM `tp_category` WHERE ( ispage=0 )  [ RunTime:0.000000s ]
INFO: [ view_parse ] --START--
NOTIC: [8] Undefined variable: v F:\kongzhim\wwwroot\cms.com\Management\Runtime\Cache\1eedbafd06440eefa7654986be6fc110.php 第 21 行.
NOTIC: [8] Undefined variable: v F:\kongzhim\wwwroot\cms.com\Management\Runtime\Cache\1eedbafd06440eefa7654986be6fc110.php 第 21 行.
NOTIC: [8] Undefined variable: v F:\kongzhim\wwwroot\cms.com\Management\Runtime\Cache\1eedbafd06440eefa7654986be6fc110.php 第 21 行.
NOTIC: [8] Undefined variable: v F:\kongzhim\wwwroot\cms.com\Management\Runtime\Cache\1eedbafd06440eefa7654986be6fc110.php 第 21 行.
NOTIC: [8] Undefined variable: v F:\kongzhim\wwwroot\cms.com\Management\Runtime\Cache\1eedbafd06440eefa7654986be6fc110.php 第 21 行.
NOTIC: [8] Use of undefined constant thumb - assumed 'thumb' F:\kongzhim\wwwroot\cms.com\Management\Runtime\Cache\1eedbafd06440eefa7654986be6fc110.php 第 40 行.
SQL: SELECT `catname` FROM `tp_category` WHERE ( id=3 ) LIMIT 1   [ RunTime:0.000000s ]
NOTIC: [8] Use of undefined constant thumb - assumed 'thumb' F:\kongzhim\wwwroot\cms.com\Management\Runtime\Cache\1eedbafd06440eefa7654986be6fc110.php 第 40 行.
SQL: SELECT `catname` FROM `tp_category` WHERE ( id=2 ) LIMIT 1   [ RunTime:0.000000s ]
NOTIC: [8] Use of undefined constant thumb - assumed 'thumb' F:\kongzhim\wwwroot\cms.com\Management\Runtime\Cache\1eedbafd06440eefa7654986be6fc110.php 第 40 行.
SQL: SELECT `catname` FROM `tp_category` WHERE ( id=2 ) LIMIT 1   [ RunTime:0.000000s ]
NOTIC: [8] Use of undefined constant thumb - assumed 'thumb' F:\kongzhim\wwwroot\cms.com\Management\Runtime\Cache\1eedbafd06440eefa7654986be6fc110.php 第 40 行.
SQL: SELECT `catname` FROM `tp_category` WHERE ( id=2 ) LIMIT 1   [ RunTime:0.000000s ]
NOTIC: [8] Use of undefined constant thumb - assumed 'thumb' F:\kongzhim\wwwroot\cms.com\Management\Runtime\Cache\1eedbafd06440eefa7654986be6fc110.php 第 40 行.
SQL: SELECT `catname` FROM `tp_category` WHERE ( id=2 ) LIMIT 1   [ RunTime:0.000000s ]
NOTIC: [8] Use of undefined constant thumb - assumed 'thumb' F:\kongzhim\wwwroot\cms.com\Management\Runtime\Cache\1eedbafd06440eefa7654986be6fc110.php 第 40 行.
SQL: SELECT `catname` FROM `tp_category` WHERE ( id=2 ) LIMIT 1   [ RunTime:0.000000s ]
INFO: ParseTemplate Behavior ::run [ RunTime:0.015625s ]
INFO: [ view_parse ] --END-- [ RunTime:0.015625s ]
INFO: [ view_filter ] --START--
INFO: ContentReplace Behavior ::run [ RunTime:0.000000s ]
INFO: TokenBuild Behavior ::run [ RunTime:0.000000s ]
INFO: WriteHtmlCache Behavior ::run [ RunTime:0.000000s ]
INFO: ShowRuntime Behavior ::run [ RunTime:0.000000s ]
INFO: [ view_filter ] --END-- [ RunTime:0.000000s ]
INFO: [ view_end ] --START--
INFO: ShowPageTrace Behavior ::run [ RunTime:0.000000s ]
INFO: [ view_end ] --END-- [ RunTime:0.000000s ]

[ 2014-05-04T17:29:15+08:00 ] 127.0.0.1 /management/index.php/News/add
INFO: [ route_check ] --START--
INFO: CheckRoute Behavior ::run [ RunTime:0.000000s ]
INFO: [ route_check ] --END-- [ RunTime:0.000000s ]
INFO: [ app_begin ] --START--
INFO: ReadHtmlCache Behavior ::run [ RunTime:0.000000s ]
INFO: [ app_begin ] --END-- [ RunTime:0.000000s ]
SQL: SHOW COLUMNS FROM `tp_category` [ RunTime:0.000000s ]
SQL: SELECT `id`,`pid`,`catname` FROM `tp_category` WHERE ( ispage=0 )  [ RunTime:0.015625s ]
INFO: [ view_parse ] --START--
NOTIC: [8] Undefined variable: info F:\kongzhim\wwwroot\cms.com\Management\Runtime\Cache\e991c27029d09deaf3fd415ec5af8960.php 第 21 行.
NOTIC: [8] Undefined variable: info F:\kongzhim\wwwroot\cms.com\Management\Runtime\Cache\e991c27029d09deaf3fd415ec5af8960.php 第 37 行.
NOTIC: [8] Undefined variable: info F:\kongzhim\wwwroot\cms.com\Management\Runtime\Cache\e991c27029d09deaf3fd415ec5af8960.php 第 43 行.
NOTIC: [8] Undefined variable: info F:\kongzhim\wwwroot\cms.com\Management\Runtime\Cache\e991c27029d09deaf3fd415ec5af8960.php 第 47 行.
NOTIC: [8] Undefined variable: info F:\kongzhim\wwwroot\cms.com\Management\Runtime\Cache\e991c27029d09deaf3fd415ec5af8960.php 第 51 行.
NOTIC: [8] Undefined variable: info F:\kongzhim\wwwroot\cms.com\Management\Runtime\Cache\e991c27029d09deaf3fd415ec5af8960.php 第 55 行.
INFO: ParseTemplate Behavior ::run [ RunTime:0.000000s ]
INFO: [ view_parse ] --END-- [ RunTime:0.000000s ]
INFO: [ view_filter ] --START--
INFO: ContentReplace Behavior ::run [ RunTime:0.000000s ]
INFO: TokenBuild Behavior ::run [ RunTime:0.000000s ]
INFO: WriteHtmlCache Behavior ::run [ RunTime:0.000000s ]
INFO: ShowRuntime Behavior ::run [ RunTime:0.000000s ]
INFO: [ view_filter ] --END-- [ RunTime:0.000000s ]
INFO: [ view_end ] --START--
INFO: ShowPageTrace Behavior ::run [ RunTime:0.000000s ]
INFO: [ view_end ] --END-- [ RunTime:0.000000s ]

[ 2014-05-04T17:29:16+08:00 ] 127.0.0.1 /management/index.php/News/index
INFO: [ route_check ] --START--
INFO: CheckRoute Behavior ::run [ RunTime:0.000000s ]
INFO: [ route_check ] --END-- [ RunTime:0.000000s ]
INFO: [ app_begin ] --START--
INFO: ReadHtmlCache Behavior ::run [ RunTime:0.000000s ]
INFO: [ app_begin ] --END-- [ RunTime:0.000000s ]
SQL: SHOW COLUMNS FROM `tp_news` [ RunTime:0.000000s ]
NOTIC: [2] Invalid argument supplied for foreach() F:\kongzhim\wwwroot\cms.com\Core\Lib\Core\Db.class.php 第 424 行.
SQL: SELECT COUNT(*) AS tp_count FROM `tp_news` LIMIT 1   [ RunTime:0.000000s ]
NOTIC: [2] Invalid argument supplied for foreach() F:\kongzhim\wwwroot\cms.com\Core\Lib\Core\Db.class.php 第 424 行.
SQL: SELECT `id`,`catid`,`title`,`listorder`,`inputtime`,`updatetime`,`thumb` FROM `tp_news` ORDER BY listorder DESC,inputtime DESC LIMIT 0,15   [ RunTime:0.000000s ]
SQL: SHOW COLUMNS FROM `tp_category` [ RunTime:0.000000s ]
SQL: SELECT `id`,`pid`,`catname` FROM `tp_category` WHERE ( ispage=0 )  [ RunTime:0.000000s ]
INFO: [ view_parse ] --START--
NOTIC: [8] Undefined variable: v F:\kongzhim\wwwroot\cms.com\Management\Runtime\Cache\1eedbafd06440eefa7654986be6fc110.php 第 21 行.
NOTIC: [8] Undefined variable: v F:\kongzhim\wwwroot\cms.com\Management\Runtime\Cache\1eedbafd06440eefa7654986be6fc110.php 第 21 行.
NOTIC: [8] Undefined variable: v F:\kongzhim\wwwroot\cms.com\Management\Runtime\Cache\1eedbafd06440eefa7654986be6fc110.php 第 21 行.
NOTIC: [8] Undefined variable: v F:\kongzhim\wwwroot\cms.com\Management\Runtime\Cache\1eedbafd06440eefa7654986be6fc110.php 第 21 行.
NOTIC: [8] Undefined variable: v F:\kongzhim\wwwroot\cms.com\Management\Runtime\Cache\1eedbafd06440eefa7654986be6fc110.php 第 21 行.
NOTIC: [8] Use of undefined constant thumb - assumed 'thumb' F:\kongzhim\wwwroot\cms.com\Management\Runtime\Cache\1eedbafd06440eefa7654986be6fc110.php 第 40 行.
SQL: SELECT `catname` FROM `tp_category` WHERE ( id=3 ) LIMIT 1   [ RunTime:0.000000s ]
NOTIC: [8] Use of undefined constant thumb - assumed 'thumb' F:\kongzhim\wwwroot\cms.com\Management\Runtime\Cache\1eedbafd06440eefa7654986be6fc110.php 第 40 行.
SQL: SELECT `catname` FROM `tp_category` WHERE ( id=2 ) LIMIT 1   [ RunTime:0.000000s ]
NOTIC: [8] Use of undefined constant thumb - assumed 'thumb' F:\kongzhim\wwwroot\cms.com\Management\Runtime\Cache\1eedbafd06440eefa7654986be6fc110.php 第 40 行.
SQL: SELECT `catname` FROM `tp_category` WHERE ( id=2 ) LIMIT 1   [ RunTime:0.000000s ]
NOTIC: [8] Use of undefined constant thumb - assumed 'thumb' F:\kongzhim\wwwroot\cms.com\Management\Runtime\Cache\1eedbafd06440eefa7654986be6fc110.php 第 40 行.
SQL: SELECT `catname` FROM `tp_category` WHERE ( id=2 ) LIMIT 1   [ RunTime:0.000000s ]
NOTIC: [8] Use of undefined constant thumb - assumed 'thumb' F:\kongzhim\wwwroot\cms.com\Management\Runtime\Cache\1eedbafd06440eefa7654986be6fc110.php 第 40 行.
SQL: SELECT `catname` FROM `tp_category` WHERE ( id=2 ) LIMIT 1   [ RunTime:0.000000s ]
NOTIC: [8] Use of undefined constant thumb - assumed 'thumb' F:\kongzhim\wwwroot\cms.com\Management\Runtime\Cache\1eedbafd06440eefa7654986be6fc110.php 第 40 行.
SQL: SELECT `catname` FROM `tp_category` WHERE ( id=2 ) LIMIT 1   [ RunTime:0.000000s ]
INFO: ParseTemplate Behavior ::run [ RunTime:0.015625s ]
INFO: [ view_parse ] --END-- [ RunTime:0.015625s ]
INFO: [ view_filter ] --START--
INFO: ContentReplace Behavior ::run [ RunTime:0.000000s ]
INFO: TokenBuild Behavior ::run [ RunTime:0.000000s ]
INFO: WriteHtmlCache Behavior ::run [ RunTime:0.000000s ]
INFO: ShowRuntime Behavior ::run [ RunTime:0.000000s ]
INFO: [ view_filter ] --END-- [ RunTime:0.000000s ]
INFO: [ view_end ] --START--
INFO: ShowPageTrace Behavior ::run [ RunTime:0.000000s ]
INFO: [ view_end ] --END-- [ RunTime:0.000000s ]

[ 2014-05-04T17:29:40+08:00 ] 127.0.0.1 /management/index.php/News/add
INFO: [ route_check ] --START--
INFO: CheckRoute Behavior ::run [ RunTime:0.000000s ]
INFO: [ route_check ] --END-- [ RunTime:0.000000s ]
INFO: [ app_begin ] --START--
INFO: ReadHtmlCache Behavior ::run [ RunTime:0.000000s ]
INFO: [ app_begin ] --END-- [ RunTime:0.000000s ]
SQL: SHOW COLUMNS FROM `tp_category` [ RunTime:0.000000s ]
SQL: SELECT `id`,`pid`,`catname` FROM `tp_category` WHERE ( ispage=0 )  [ RunTime:0.000000s ]
INFO: [ view_parse ] --START--
NOTIC: [8] Undefined variable: info F:\kongzhim\wwwroot\cms.com\Management\Runtime\Cache\e991c27029d09deaf3fd415ec5af8960.php 第 21 行.
NOTIC: [8] Undefined variable: info F:\kongzhim\wwwroot\cms.com\Management\Runtime\Cache\e991c27029d09deaf3fd415ec5af8960.php 第 37 行.
NOTIC: [8] Undefined variable: info F:\kongzhim\wwwroot\cms.com\Management\Runtime\Cache\e991c27029d09deaf3fd415ec5af8960.php 第 43 行.
NOTIC: [8] Undefined variable: info F:\kongzhim\wwwroot\cms.com\Management\Runtime\Cache\e991c27029d09deaf3fd415ec5af8960.php 第 47 行.
NOTIC: [8] Undefined variable: info F:\kongzhim\wwwroot\cms.com\Management\Runtime\Cache\e991c27029d09deaf3fd415ec5af8960.php 第 51 行.
NOTIC: [8] Undefined variable: info F:\kongzhim\wwwroot\cms.com\Management\Runtime\Cache\e991c27029d09deaf3fd415ec5af8960.php 第 55 行.
INFO: ParseTemplate Behavior ::run [ RunTime:0.015625s ]
INFO: [ view_parse ] --END-- [ RunTime:0.015625s ]
INFO: [ view_filter ] --START--
INFO: ContentReplace Behavior ::run [ RunTime:0.000000s ]
INFO: TokenBuild Behavior ::run [ RunTime:0.000000s ]
INFO: WriteHtmlCache Behavior ::run [ RunTime:0.000000s ]
INFO: ShowRuntime Behavior ::run [ RunTime:0.000000s ]
INFO: [ view_filter ] --END-- [ RunTime:0.000000s ]
INFO: [ view_end ] --START--
INFO: ShowPageTrace Behavior ::run [ RunTime:0.000000s ]
INFO: [ view_end ] --END-- [ RunTime:0.000000s ]

[ 2014-05-04T17:29:41+08:00 ] 127.0.0.1 /management/index.php/News/index
INFO: [ route_check ] --START--
INFO: CheckRoute Behavior ::run [ RunTime:0.000000s ]
INFO: [ route_check ] --END-- [ RunTime:0.000000s ]
INFO: [ app_begin ] --START--
INFO: ReadHtmlCache Behavior ::run [ RunTime:0.000000s ]
INFO: [ app_begin ] --END-- [ RunTime:0.000000s ]
SQL: SHOW COLUMNS FROM `tp_news` [ RunTime:0.000000s ]
NOTIC: [2] Invalid argument supplied for foreach() F:\kongzhim\wwwroot\cms.com\Core\Lib\Core\Db.class.php 第 424 行.
SQL: SELECT COUNT(*) AS tp_count FROM `tp_news` LIMIT 1   [ RunTime:0.000000s ]
NOTIC: [2] Invalid argument supplied for foreach() F:\kongzhim\wwwroot\cms.com\Core\Lib\Core\Db.class.php 第 424 行.
SQL: SELECT `id`,`catid`,`title`,`listorder`,`inputtime`,`updatetime`,`thumb` FROM `tp_news` ORDER BY listorder DESC,inputtime DESC LIMIT 0,15   [ RunTime:0.000000s ]
SQL: SHOW COLUMNS FROM `tp_category` [ RunTime:0.000000s ]
SQL: SELECT `id`,`pid`,`catname` FROM `tp_category` WHERE ( ispage=0 )  [ RunTime:0.000000s ]
INFO: [ view_parse ] --START--
NOTIC: [8] Undefined variable: v F:\kongzhim\wwwroot\cms.com\Management\Runtime\Cache\1eedbafd06440eefa7654986be6fc110.php 第 21 行.
NOTIC: [8] Undefined variable: v F:\kongzhim\wwwroot\cms.com\Management\Runtime\Cache\1eedbafd06440eefa7654986be6fc110.php 第 21 行.
NOTIC: [8] Undefined variable: v F:\kongzhim\wwwroot\cms.com\Management\Runtime\Cache\1eedbafd06440eefa7654986be6fc110.php 第 21 行.
NOTIC: [8] Undefined variable: v F:\kongzhim\wwwroot\cms.com\Management\Runtime\Cache\1eedbafd06440eefa7654986be6fc110.php 第 21 行.
NOTIC: [8] Undefined variable: v F:\kongzhim\wwwroot\cms.com\Management\Runtime\Cache\1eedbafd06440eefa7654986be6fc110.php 第 21 行.
NOTIC: [8] Use of undefined constant thumb - assumed 'thumb' F:\kongzhim\wwwroot\cms.com\Management\Runtime\Cache\1eedbafd06440eefa7654986be6fc110.php 第 40 行.
SQL: SELECT `catname` FROM `tp_category` WHERE ( id=3 ) LIMIT 1   [ RunTime:0.000000s ]
NOTIC: [8] Use of undefined constant thumb - assumed 'thumb' F:\kongzhim\wwwroot\cms.com\Management\Runtime\Cache\1eedbafd06440eefa7654986be6fc110.php 第 40 行.
SQL: SELECT `catname` FROM `tp_category` WHERE ( id=2 ) LIMIT 1   [ RunTime:0.000000s ]
NOTIC: [8] Use of undefined constant thumb - assumed 'thumb' F:\kongzhim\wwwroot\cms.com\Management\Runtime\Cache\1eedbafd06440eefa7654986be6fc110.php 第 40 行.
SQL: SELECT `catname` FROM `tp_category` WHERE ( id=2 ) LIMIT 1   [ RunTime:0.000000s ]
NOTIC: [8] Use of undefined constant thumb - assumed 'thumb' F:\kongzhim\wwwroot\cms.com\Management\Runtime\Cache\1eedbafd06440eefa7654986be6fc110.php 第 40 行.
SQL: SELECT `catname` FROM `tp_category` WHERE ( id=2 ) LIMIT 1   [ RunTime:0.000000s ]
NOTIC: [8] Use of undefined constant thumb - assumed 'thumb' F:\kongzhim\wwwroot\cms.com\Management\Runtime\Cache\1eedbafd06440eefa7654986be6fc110.php 第 40 行.
SQL: SELECT `catname` FROM `tp_category` WHERE ( id=2 ) LIMIT 1   [ RunTime:0.000000s ]
NOTIC: [8] Use of undefined constant thumb - assumed 'thumb' F:\kongzhim\wwwroot\cms.com\Management\Runtime\Cache\1eedbafd06440eefa7654986be6fc110.php 第 40 行.
SQL: SELECT `catname` FROM `tp_category` WHERE ( id=2 ) LIMIT 1   [ RunTime:0.000000s ]
INFO: ParseTemplate Behavior ::run [ RunTime:0.015625s ]
INFO: [ view_parse ] --END-- [ RunTime:0.015625s ]
INFO: [ view_filter ] --START--
INFO: ContentReplace Behavior ::run [ RunTime:0.000000s ]
INFO: TokenBuild Behavior ::run [ RunTime:0.000000s ]
INFO: WriteHtmlCache Behavior ::run [ RunTime:0.000000s ]
INFO: ShowRuntime Behavior ::run [ RunTime:0.000000s ]
INFO: [ view_filter ] --END-- [ RunTime:0.000000s ]
INFO: [ view_end ] --START--
INFO: ShowPageTrace Behavior ::run [ RunTime:0.000000s ]
INFO: [ view_end ] --END-- [ RunTime:0.000000s ]

[ 2014-05-04T17:29:55+08:00 ] 127.0.0.1 /management/index.php/News/add
INFO: [ route_check ] --START--
INFO: CheckRoute Behavior ::run [ RunTime:0.000000s ]
INFO: [ route_check ] --END-- [ RunTime:0.000000s ]
INFO: [ app_begin ] --START--
INFO: ReadHtmlCache Behavior ::run [ RunTime:0.000000s ]
INFO: [ app_begin ] --END-- [ RunTime:0.000000s ]
SQL: SHOW COLUMNS FROM `tp_category` [ RunTime:0.000000s ]
SQL: SELECT `id`,`pid`,`catname` FROM `tp_category` WHERE ( ispage=0 )  [ RunTime:0.000000s ]
INFO: [ view_parse ] --START--
NOTIC: [8] Undefined variable: info F:\kongzhim\wwwroot\cms.com\Management\Runtime\Cache\e991c27029d09deaf3fd415ec5af8960.php 第 21 行.
NOTIC: [8] Undefined variable: info F:\kongzhim\wwwroot\cms.com\Management\Runtime\Cache\e991c27029d09deaf3fd415ec5af8960.php 第 37 行.
NOTIC: [8] Undefined variable: info F:\kongzhim\wwwroot\cms.com\Management\Runtime\Cache\e991c27029d09deaf3fd415ec5af8960.php 第 43 行.
NOTIC: [8] Undefined variable: info F:\kongzhim\wwwroot\cms.com\Management\Runtime\Cache\e991c27029d09deaf3fd415ec5af8960.php 第 47 行.
NOTIC: [8] Undefined variable: info F:\kongzhim\wwwroot\cms.com\Management\Runtime\Cache\e991c27029d09deaf3fd415ec5af8960.php 第 51 行.
NOTIC: [8] Undefined variable: info F:\kongzhim\wwwroot\cms.com\Management\Runtime\Cache\e991c27029d09deaf3fd415ec5af8960.php 第 55 行.
INFO: ParseTemplate Behavior ::run [ RunTime:0.015625s ]
INFO: [ view_parse ] --END-- [ RunTime:0.015625s ]
INFO: [ view_filter ] --START--
INFO: ContentReplace Behavior ::run [ RunTime:0.000000s ]
INFO: TokenBuild Behavior ::run [ RunTime:0.000000s ]
INFO: WriteHtmlCache Behavior ::run [ RunTime:0.000000s ]
INFO: ShowRuntime Behavior ::run [ RunTime:0.000000s ]
INFO: [ view_filter ] --END-- [ RunTime:0.000000s ]
INFO: [ view_end ] --START--
INFO: ShowPageTrace Behavior ::run [ RunTime:0.000000s ]
INFO: [ view_end ] --END-- [ RunTime:0.000000s ]

[ 2014-05-04T17:29:57+08:00 ] 127.0.0.1 /management/index.php/Banner/add
INFO: [ route_check ] --START--
INFO: CheckRoute Behavior ::run [ RunTime:0.000000s ]
INFO: [ route_check ] --END-- [ RunTime:0.000000s ]
INFO: [ app_begin ] --START--
INFO: ReadHtmlCache Behavior ::run [ RunTime:0.000000s ]
INFO: [ app_begin ] --END-- [ RunTime:0.000000s ]
INFO: [ view_parse ] --START--
INFO: ParseTemplate Behavior ::run [ RunTime:0.015625s ]
INFO: [ view_parse ] --END-- [ RunTime:0.015625s ]
INFO: [ view_filter ] --START--
INFO: ContentReplace Behavior ::run [ RunTime:0.000000s ]
INFO: TokenBuild Behavior ::run [ RunTime:0.000000s ]
INFO: WriteHtmlCache Behavior ::run [ RunTime:0.000000s ]
INFO: ShowRuntime Behavior ::run [ RunTime:0.000000s ]
INFO: [ view_filter ] --END-- [ RunTime:0.000000s ]
INFO: [ view_end ] --START--
INFO: ShowPageTrace Behavior ::run [ RunTime:0.000000s ]
INFO: [ view_end ] --END-- [ RunTime:0.000000s ]

[ 2014-05-04T17:29:58+08:00 ] 127.0.0.1 /management/index.php/Banner/index
INFO: [ route_check ] --START--
INFO: CheckRoute Behavior ::run [ RunTime:0.000000s ]
INFO: [ route_check ] --END-- [ RunTime:0.000000s ]
INFO: [ app_begin ] --START--
INFO: ReadHtmlCache Behavior ::run [ RunTime:0.000000s ]
INFO: [ app_begin ] --END-- [ RunTime:0.000000s ]
SQL: SHOW COLUMNS FROM `tp_banner` [ RunTime:0.000000s ]
NOTIC: [2] Invalid argument supplied for foreach() F:\kongzhim\wwwroot\cms.com\Core\Lib\Core\Db.class.php 第 424 行.
SQL: SELECT * FROM `tp_banner` ORDER BY listorder DESC  [ RunTime:0.000000s ]
INFO: [ view_parse ] --START--
NOTIC: [8] Undefined variable: page F:\kongzhim\wwwroot\cms.com\Management\Runtime\Cache\4cfb069ebd681ba923db4354a24cf94d.php 第 43 行.
INFO: ParseTemplate Behavior ::run [ RunTime:0.000000s ]
INFO: [ view_parse ] --END-- [ RunTime:0.000000s ]
INFO: [ view_filter ] --START--
INFO: ContentReplace Behavior ::run [ RunTime:0.000000s ]
INFO: TokenBuild Behavior ::run [ RunTime:0.000000s ]
INFO: WriteHtmlCache Behavior ::run [ RunTime:0.015625s ]
INFO: ShowRuntime Behavior ::run [ RunTime:0.000000s ]
INFO: [ view_filter ] --END-- [ RunTime:0.015625s ]
INFO: [ view_end ] --START--
INFO: ShowPageTrace Behavior ::run [ RunTime:0.000000s ]
INFO: [ view_end ] --END-- [ RunTime:0.000000s ]

[ 2014-05-04T17:30:14+08:00 ] 127.0.0.1 /management/index.php/Banner/index
INFO: [ route_check ] --START--
INFO: CheckRoute Behavior ::run [ RunTime:0.000000s ]
INFO: [ route_check ] --END-- [ RunTime:0.000000s ]
INFO: [ app_begin ] --START--
INFO: ReadHtmlCache Behavior ::run [ RunTime:0.000000s ]
INFO: [ app_begin ] --END-- [ RunTime:0.000000s ]
SQL: SHOW COLUMNS FROM `tp_banner` [ RunTime:0.000000s ]
NOTIC: [2] Invalid argument supplied for foreach() F:\kongzhim\wwwroot\cms.com\Core\Lib\Core\Db.class.php 第 424 行.
SQL: SELECT * FROM `tp_banner` ORDER BY listorder DESC  [ RunTime:0.000000s ]
INFO: [ view_parse ] --START--
NOTIC: [8] Undefined variable: page F:\kongzhim\wwwroot\cms.com\Management\Runtime\Cache\4cfb069ebd681ba923db4354a24cf94d.php 第 43 行.
INFO: ParseTemplate Behavior ::run [ RunTime:0.015625s ]
INFO: [ view_parse ] --END-- [ RunTime:0.015625s ]
INFO: [ view_filter ] --START--
INFO: ContentReplace Behavior ::run [ RunTime:0.000000s ]
INFO: TokenBuild Behavior ::run [ RunTime:0.000000s ]
INFO: WriteHtmlCache Behavior ::run [ RunTime:0.000000s ]
INFO: ShowRuntime Behavior ::run [ RunTime:0.000000s ]
INFO: [ view_filter ] --END-- [ RunTime:0.000000s ]
INFO: [ view_end ] --START--
INFO: ShowPageTrace Behavior ::run [ RunTime:0.000000s ]
INFO: [ view_end ] --END-- [ RunTime:0.000000s ]

[ 2014-05-04T17:30:19+08:00 ] 127.0.0.1 /management/index.php/Link/index
INFO: [ route_check ] --START--
INFO: CheckRoute Behavior ::run [ RunTime:0.000000s ]
INFO: [ route_check ] --END-- [ RunTime:0.000000s ]
INFO: [ app_begin ] --START--
INFO: ReadHtmlCache Behavior ::run [ RunTime:0.000000s ]
INFO: [ app_begin ] --END-- [ RunTime:0.000000s ]
SQL: SHOW COLUMNS FROM `tp_link` [ RunTime:0.000000s ]
NOTIC: [2] Invalid argument supplied for foreach() F:\kongzhim\wwwroot\cms.com\Core\Lib\Core\Db.class.php 第 424 行.
SQL: SELECT * FROM `tp_link` ORDER BY listorder DESC  [ RunTime:0.000000s ]
INFO: [ view_parse ] --START--
NOTIC: [8] Undefined variable: page F:\kongzhim\wwwroot\cms.com\Management\Runtime\Cache\d7ebd0f00fef8ac58daa3ccccf93aa80.php 第 41 行.
INFO: ParseTemplate Behavior ::run [ RunTime:0.000000s ]
INFO: [ view_parse ] --END-- [ RunTime:0.000000s ]
INFO: [ view_filter ] --START--
INFO: ContentReplace Behavior ::run [ RunTime:0.000000s ]
INFO: TokenBuild Behavior ::run [ RunTime:0.000000s ]
INFO: WriteHtmlCache Behavior ::run [ RunTime:0.015625s ]
INFO: ShowRuntime Behavior ::run [ RunTime:0.000000s ]
INFO: [ view_filter ] --END-- [ RunTime:0.015625s ]
INFO: [ view_end ] --START--
INFO: ShowPageTrace Behavior ::run [ RunTime:0.000000s ]
INFO: [ view_end ] --END-- [ RunTime:0.000000s ]

[ 2014-05-04T17:30:34+08:00 ] 127.0.0.1 /management/index.php/Link/add
INFO: [ route_check ] --START--
INFO: CheckRoute Behavior ::run [ RunTime:0.000000s ]
INFO: [ route_check ] --END-- [ RunTime:0.000000s ]
INFO: [ app_begin ] --START--
INFO: ReadHtmlCache Behavior ::run [ RunTime:0.000000s ]
INFO: [ app_begin ] --END-- [ RunTime:0.000000s ]
INFO: [ view_parse ] --START--
INFO: ParseTemplate Behavior ::run [ RunTime:0.015625s ]
INFO: [ view_parse ] --END-- [ RunTime:0.015625s ]
INFO: [ view_filter ] --START--
INFO: ContentReplace Behavior ::run [ RunTime:0.000000s ]
INFO: TokenBuild Behavior ::run [ RunTime:0.000000s ]
INFO: WriteHtmlCache Behavior ::run [ RunTime:0.000000s ]
INFO: ShowRuntime Behavior ::run [ RunTime:0.000000s ]
INFO: [ view_filter ] --END-- [ RunTime:0.000000s ]
INFO: [ view_end ] --START--
INFO: ShowPageTrace Behavior ::run [ RunTime:0.000000s ]
INFO: [ view_end ] --END-- [ RunTime:0.000000s ]

[ 2014-05-04T17:30:36+08:00 ] 127.0.0.1 /management/index.php/Link/index
INFO: [ route_check ] --START--
INFO: CheckRoute Behavior ::run [ RunTime:0.000000s ]
INFO: [ route_check ] --END-- [ RunTime:0.000000s ]
INFO: [ app_begin ] --START--
INFO: ReadHtmlCache Behavior ::run [ RunTime:0.000000s ]
INFO: [ app_begin ] --END-- [ RunTime:0.000000s ]
SQL: SHOW COLUMNS FROM `tp_link` [ RunTime:0.015625s ]
NOTIC: [2] Invalid argument supplied for foreach() F:\kongzhim\wwwroot\cms.com\Core\Lib\Core\Db.class.php 第 424 行.
SQL: SELECT * FROM `tp_link` ORDER BY listorder DESC  [ RunTime:0.000000s ]
INFO: [ view_parse ] --START--
NOTIC: [8] Undefined variable: page F:\kongzhim\wwwroot\cms.com\Management\Runtime\Cache\d7ebd0f00fef8ac58daa3ccccf93aa80.php 第 41 行.
INFO: ParseTemplate Behavior ::run [ RunTime:0.000000s ]
INFO: [ view_parse ] --END-- [ RunTime:0.000000s ]
INFO: [ view_filter ] --START--
INFO: ContentReplace Behavior ::run [ RunTime:0.000000s ]
INFO: TokenBuild Behavior ::run [ RunTime:0.000000s ]
INFO: WriteHtmlCache Behavior ::run [ RunTime:0.000000s ]
INFO: ShowRuntime Behavior ::run [ RunTime:0.000000s ]
INFO: [ view_filter ] --END-- [ RunTime:0.000000s ]
INFO: [ view_end ] --START--
INFO: ShowPageTrace Behavior ::run [ RunTime:0.000000s ]
INFO: [ view_end ] --END-- [ RunTime:0.000000s ]

[ 2014-05-04T17:30:39+08:00 ] 127.0.0.1 /management/index.php/Message/index
INFO: [ route_check ] --START--
INFO: CheckRoute Behavior ::run [ RunTime:0.015625s ]
INFO: [ route_check ] --END-- [ RunTime:0.015625s ]
INFO: [ app_begin ] --START--
INFO: ReadHtmlCache Behavior ::run [ RunTime:0.000000s ]
INFO: [ app_begin ] --END-- [ RunTime:0.000000s ]
SQL: SHOW COLUMNS FROM `tp_message` [ RunTime:0.031250s ]
NOTIC: [2] Invalid argument supplied for foreach() F:\kongzhim\wwwroot\cms.com\Core\Lib\Core\Db.class.php 第 424 行.
SQL: SELECT COUNT(*) AS tp_count FROM `tp_message` LIMIT 1   [ RunTime:0.000000s ]
NOTIC: [2] Invalid argument supplied for foreach() F:\kongzhim\wwwroot\cms.com\Core\Lib\Core\Db.class.php 第 424 行.
SQL: SELECT * FROM `tp_message` ORDER BY inputtime DESC LIMIT 0,15   [ RunTime:0.000000s ]
INFO: [ view_parse ] --START--
INFO: ParseTemplate Behavior ::run [ RunTime:0.015625s ]
INFO: [ view_parse ] --END-- [ RunTime:0.015625s ]
INFO: [ view_filter ] --START--
INFO: ContentReplace Behavior ::run [ RunTime:0.000000s ]
INFO: TokenBuild Behavior ::run [ RunTime:0.000000s ]
INFO: WriteHtmlCache Behavior ::run [ RunTime:0.000000s ]
INFO: ShowRuntime Behavior ::run [ RunTime:0.000000s ]
INFO: [ view_filter ] --END-- [ RunTime:0.000000s ]
INFO: [ view_end ] --START--
INFO: ShowPageTrace Behavior ::run [ RunTime:0.000000s ]
INFO: [ view_end ] --END-- [ RunTime:0.000000s ]

[ 2014-05-04T17:30:46+08:00 ] 127.0.0.1 /management/index.php/Message/index
INFO: [ route_check ] --START--
INFO: CheckRoute Behavior ::run [ RunTime:0.000000s ]
INFO: [ route_check ] --END-- [ RunTime:0.000000s ]
INFO: [ app_begin ] --START--
INFO: ReadHtmlCache Behavior ::run [ RunTime:0.000000s ]
INFO: [ app_begin ] --END-- [ RunTime:0.000000s ]
SQL: SHOW COLUMNS FROM `tp_message` [ RunTime:0.000000s ]
NOTIC: [2] Invalid argument supplied for foreach() F:\kongzhim\wwwroot\cms.com\Core\Lib\Core\Db.class.php 第 424 行.
SQL: SELECT COUNT(*) AS tp_count FROM `tp_message` LIMIT 1   [ RunTime:0.000000s ]
NOTIC: [2] Invalid argument supplied for foreach() F:\kongzhim\wwwroot\cms.com\Core\Lib\Core\Db.class.php 第 424 行.
SQL: SELECT * FROM `tp_message` ORDER BY inputtime DESC LIMIT 0,15   [ RunTime:0.000000s ]
INFO: [ view_parse ] --START--
INFO: ParseTemplate Behavior ::run [ RunTime:0.015625s ]
INFO: [ view_parse ] --END-- [ RunTime:0.015625s ]
INFO: [ view_filter ] --START--
INFO: ContentReplace Behavior ::run [ RunTime:0.000000s ]
INFO: TokenBuild Behavior ::run [ RunTime:0.000000s ]
INFO: WriteHtmlCache Behavior ::run [ RunTime:0.000000s ]
INFO: ShowRuntime Behavior ::run [ RunTime:0.000000s ]
INFO: [ view_filter ] --END-- [ RunTime:0.000000s ]
INFO: [ view_end ] --START--
INFO: ShowPageTrace Behavior ::run [ RunTime:0.000000s ]
INFO: [ view_end ] --END-- [ RunTime:0.000000s ]

[ 2014-05-04T17:31:03+08:00 ] 127.0.0.1 /management/index.php/Config/index
INFO: [ route_check ] --START--
INFO: CheckRoute Behavior ::run [ RunTime:0.000000s ]
INFO: [ route_check ] --END-- [ RunTime:0.000000s ]
INFO: [ app_begin ] --START--
INFO: ReadHtmlCache Behavior ::run [ RunTime:0.000000s ]
INFO: [ app_begin ] --END-- [ RunTime:0.000000s ]
SQL: SHOW COLUMNS FROM `tp_config` [ RunTime:0.000000s ]
SQL: SELECT * FROM `tp_config` WHERE ( id=1 ) LIMIT 1   [ RunTime:0.000000s ]
INFO: [ view_parse ] --START--
INFO: ParseTemplate Behavior ::run [ RunTime:0.000000s ]
INFO: [ view_parse ] --END-- [ RunTime:0.000000s ]
INFO: [ view_filter ] --START--
INFO: ContentReplace Behavior ::run [ RunTime:0.000000s ]
INFO: TokenBuild Behavior ::run [ RunTime:0.000000s ]
INFO: WriteHtmlCache Behavior ::run [ RunTime:0.000000s ]
INFO: ShowRuntime Behavior ::run [ RunTime:0.000000s ]
INFO: [ view_filter ] --END-- [ RunTime:0.000000s ]
INFO: [ view_end ] --START--
INFO: ShowPageTrace Behavior ::run [ RunTime:0.000000s ]
INFO: [ view_end ] --END-- [ RunTime:0.000000s ]

