[ 2014-05-08T17:43:21+08:00 ] 127.0.0.1 /management/
INFO: [ app_begin ] --START--
INFO: ReadHtmlCache Behavior ::run [ RunTime:0.000000s ]
INFO: [ app_begin ] --END-- [ RunTime:0.000000s ]

[ 2014-05-08T17:43:21+08:00 ] 127.0.0.1 /management/index.php/public/login.html
INFO: [ route_check ] --START--
INFO: CheckRoute Behavior ::run [ RunTime:0.046875s ]
INFO: [ route_check ] --END-- [ RunTime:0.046875s ]
INFO: [ app_begin ] --START--
INFO: ReadHtmlCache Behavior ::run [ RunTime:0.000000s ]
INFO: [ app_begin ] --END-- [ RunTime:0.000000s ]
INFO: [ view_parse ] --START--
INFO: ParseTemplate Behavior ::run [ RunTime:0.015625s ]
INFO: [ view_parse ] --END-- [ RunTime:0.015625s ]
INFO: [ view_filter ] --START--
INFO: ContentReplace Behavior ::run [ RunTime:0.015625s ]
INFO: TokenBuild Behavior ::run [ RunTime:0.015625s ]
INFO: WriteHtmlCache Behavior ::run [ RunTime:0.000000s ]
INFO: ShowRuntime Behavior ::run [ RunTime:0.015625s ]
INFO: [ view_filter ] --END-- [ RunTime:0.046875s ]
INFO: [ view_end ] --START--
INFO: ShowPageTrace Behavior ::run [ RunTime:0.000000s ]
INFO: [ view_end ] --END-- [ RunTime:0.000000s ]

[ 2014-05-08T17:43:21+08:00 ] 127.0.0.1 /management/index.php/public/verify/
INFO: [ route_check ] --START--
INFO: CheckRoute Behavior ::run [ RunTime:0.000000s ]
INFO: [ route_check ] --END-- [ RunTime:0.000000s ]
INFO: [ app_begin ] --START--
INFO: ReadHtmlCache Behavior ::run [ RunTime:0.000000s ]
INFO: [ app_begin ] --END-- [ RunTime:0.000000s ]

[ 2014-05-08T17:47:57+08:00 ] 127.0.0.1 /management/index.php/public/login
INFO: [ route_check ] --START--
INFO: CheckRoute Behavior ::run [ RunTime:0.000000s ]
INFO: [ route_check ] --END-- [ RunTime:0.000000s ]
INFO: [ app_begin ] --START--
INFO: ReadHtmlCache Behavior ::run [ RunTime:0.000000s ]
INFO: [ app_begin ] --END-- [ RunTime:0.000000s ]
SQL: SHOW COLUMNS FROM `tp_admin` [ RunTime:0.031250s ]
SQL: SELECT * FROM `tp_admin` WHERE ( `username` = 'admin' ) AND ( `password` = 'bbad8d72c1fac1d081727158807a8798' ) LIMIT 1   [ RunTime:0.015625s ]
SQL: UPDATE `tp_admin` SET `logintime`=1399542477,`loginip`='127.0.0.1' WHERE ( `username` = 'admin' ) AND ( `password` = 'bbad8d72c1fac1d081727158807a8798' ) [ RunTime:0.000000s ]
INFO: [ view_parse ] --START--
INFO: ParseTemplate Behavior ::run [ RunTime:0.046875s ]
INFO: [ view_parse ] --END-- [ RunTime:0.046875s ]
INFO: [ view_filter ] --START--
INFO: ContentReplace Behavior ::run [ RunTime:0.000000s ]
INFO: TokenBuild Behavior ::run [ RunTime:0.000000s ]
INFO: WriteHtmlCache Behavior ::run [ RunTime:0.000000s ]
INFO: ShowRuntime Behavior ::run [ RunTime:0.000000s ]
INFO: [ view_filter ] --END-- [ RunTime:0.000000s ]
INFO: [ view_end ] --START--
INFO: ShowPageTrace Behavior ::run [ RunTime:0.000000s ]
INFO: [ view_end ] --END-- [ RunTime:0.000000s ]

[ 2014-05-08T17:47:58+08:00 ] 127.0.0.1 /management/index.php/index/index.html
INFO: [ route_check ] --START--
INFO: CheckRoute Behavior ::run [ RunTime:0.000000s ]
INFO: [ route_check ] --END-- [ RunTime:0.000000s ]
INFO: [ app_begin ] --START--
INFO: ReadHtmlCache Behavior ::run [ RunTime:0.000000s ]
INFO: [ app_begin ] --END-- [ RunTime:0.000000s ]
INFO: [ view_parse ] --START--
INFO: ParseTemplate Behavior ::run [ RunTime:0.015625s ]
INFO: [ view_parse ] --END-- [ RunTime:0.015625s ]
INFO: [ view_filter ] --START--
INFO: ContentReplace Behavior ::run [ RunTime:0.000000s ]
INFO: TokenBuild Behavior ::run [ RunTime:0.000000s ]
INFO: WriteHtmlCache Behavior ::run [ RunTime:0.000000s ]
INFO: ShowRuntime Behavior ::run [ RunTime:0.000000s ]
INFO: [ view_filter ] --END-- [ RunTime:0.000000s ]
INFO: [ view_end ] --START--
INFO: ShowPageTrace Behavior ::run [ RunTime:0.015625s ]
INFO: [ view_end ] --END-- [ RunTime:0.015625s ]

[ 2014-05-08T17:47:58+08:00 ] 127.0.0.1 /management/index.php/public/top
INFO: [ route_check ] --START--
INFO: CheckRoute Behavior ::run [ RunTime:0.000000s ]
INFO: [ route_check ] --END-- [ RunTime:0.000000s ]
INFO: [ app_begin ] --START--
INFO: ReadHtmlCache Behavior ::run [ RunTime:0.000000s ]
INFO: [ app_begin ] --END-- [ RunTime:0.000000s ]
INFO: [ view_parse ] --START--
INFO: ParseTemplate Behavior ::run [ RunTime:0.046875s ]
INFO: [ view_parse ] --END-- [ RunTime:0.046875s ]
INFO: [ view_filter ] --START--
INFO: ContentReplace Behavior ::run [ RunTime:0.000000s ]
INFO: TokenBuild Behavior ::run [ RunTime:0.000000s ]
INFO: WriteHtmlCache Behavior ::run [ RunTime:0.000000s ]
INFO: ShowRuntime Behavior ::run [ RunTime:0.000000s ]
INFO: [ view_filter ] --END-- [ RunTime:0.000000s ]
INFO: [ view_end ] --START--
INFO: ShowPageTrace Behavior ::run [ RunTime:0.000000s ]
INFO: [ view_end ] --END-- [ RunTime:0.000000s ]

[ 2014-05-08T17:47:58+08:00 ] 127.0.0.1 /management/index.php/public/menu
INFO: [ route_check ] --START--
INFO: CheckRoute Behavior ::run [ RunTime:0.000000s ]
INFO: [ route_check ] --END-- [ RunTime:0.000000s ]
INFO: [ app_begin ] --START--
INFO: ReadHtmlCache Behavior ::run [ RunTime:0.000000s ]
INFO: [ app_begin ] --END-- [ RunTime:0.000000s ]
INFO: [ view_parse ] --START--
INFO: ParseTemplate Behavior ::run [ RunTime:0.015625s ]
INFO: [ view_parse ] --END-- [ RunTime:0.015625s ]
INFO: [ view_filter ] --START--
INFO: ContentReplace Behavior ::run [ RunTime:0.000000s ]
INFO: TokenBuild Behavior ::run [ RunTime:0.000000s ]
INFO: WriteHtmlCache Behavior ::run [ RunTime:0.000000s ]
INFO: ShowRuntime Behavior ::run [ RunTime:0.000000s ]
INFO: [ view_filter ] --END-- [ RunTime:0.000000s ]
INFO: [ view_end ] --START--
INFO: ShowPageTrace Behavior ::run [ RunTime:0.000000s ]
INFO: [ view_end ] --END-- [ RunTime:0.000000s ]

[ 2014-05-08T17:47:59+08:00 ] 127.0.0.1 /management/index.php/public/main
INFO: [ route_check ] --START--
INFO: CheckRoute Behavior ::run [ RunTime:0.000000s ]
INFO: [ route_check ] --END-- [ RunTime:0.000000s ]
INFO: [ app_begin ] --START--
INFO: ReadHtmlCache Behavior ::run [ RunTime:0.000000s ]
INFO: [ app_begin ] --END-- [ RunTime:0.000000s ]
INFO: [ view_parse ] --START--
INFO: ParseTemplate Behavior ::run [ RunTime:0.078125s ]
INFO: [ view_parse ] --END-- [ RunTime:0.078125s ]
INFO: [ view_filter ] --START--
INFO: ContentReplace Behavior ::run [ RunTime:0.000000s ]
INFO: TokenBuild Behavior ::run [ RunTime:0.000000s ]
INFO: WriteHtmlCache Behavior ::run [ RunTime:0.000000s ]
INFO: ShowRuntime Behavior ::run [ RunTime:0.000000s ]
INFO: [ view_filter ] --END-- [ RunTime:0.000000s ]
INFO: [ view_end ] --START--
INFO: ShowPageTrace Behavior ::run [ RunTime:0.000000s ]
INFO: [ view_end ] --END-- [ RunTime:0.000000s ]

[ 2014-05-08T17:47:59+08:00 ] 127.0.0.1 /management/index.php/public/main
INFO: [ route_check ] --START--
INFO: CheckRoute Behavior ::run [ RunTime:0.000000s ]
INFO: [ route_check ] --END-- [ RunTime:0.000000s ]
INFO: [ app_begin ] --START--
INFO: ReadHtmlCache Behavior ::run [ RunTime:0.000000s ]
INFO: [ app_begin ] --END-- [ RunTime:0.000000s ]
INFO: [ view_parse ] --START--
INFO: ParseTemplate Behavior ::run [ RunTime:0.000000s ]
INFO: [ view_parse ] --END-- [ RunTime:0.000000s ]
INFO: [ view_filter ] --START--
INFO: ContentReplace Behavior ::run [ RunTime:0.000000s ]
INFO: TokenBuild Behavior ::run [ RunTime:0.000000s ]
INFO: WriteHtmlCache Behavior ::run [ RunTime:0.000000s ]
INFO: ShowRuntime Behavior ::run [ RunTime:0.000000s ]
INFO: [ view_filter ] --END-- [ RunTime:0.000000s ]
INFO: [ view_end ] --START--
INFO: ShowPageTrace Behavior ::run [ RunTime:0.015625s ]
INFO: [ view_end ] --END-- [ RunTime:0.015625s ]

[ 2014-05-08T17:48:01+08:00 ] 127.0.0.1 /management/index.php/message/index
INFO: [ route_check ] --START--
INFO: CheckRoute Behavior ::run [ RunTime:0.000000s ]
INFO: [ route_check ] --END-- [ RunTime:0.000000s ]
INFO: [ app_begin ] --START--
INFO: ReadHtmlCache Behavior ::run [ RunTime:0.000000s ]
INFO: [ app_begin ] --END-- [ RunTime:0.000000s ]
SQL: SHOW COLUMNS FROM `tp_message` [ RunTime:0.000000s ]
NOTIC: [2] Invalid argument supplied for foreach() F:\kongzhim\wwwroot\cms.com\Core\Lib\Core\Db.class.php 第 424 行.
SQL: SELECT COUNT(*) AS tp_count FROM `tp_message` LIMIT 1   [ RunTime:0.000000s ]
NOTIC: [2] Invalid argument supplied for foreach() F:\kongzhim\wwwroot\cms.com\Core\Lib\Core\Db.class.php 第 424 行.
SQL: SELECT * FROM `tp_message` ORDER BY inputtime DESC LIMIT 0,15   [ RunTime:0.000000s ]
INFO: [ view_parse ] --START--
INFO: ParseTemplate Behavior ::run [ RunTime:0.031250s ]
INFO: [ view_parse ] --END-- [ RunTime:0.031250s ]
INFO: [ view_filter ] --START--
INFO: ContentReplace Behavior ::run [ RunTime:0.000000s ]
INFO: TokenBuild Behavior ::run [ RunTime:0.000000s ]
INFO: WriteHtmlCache Behavior ::run [ RunTime:0.000000s ]
INFO: ShowRuntime Behavior ::run [ RunTime:0.000000s ]
INFO: [ view_filter ] --END-- [ RunTime:0.000000s ]
INFO: [ view_end ] --START--
INFO: ShowPageTrace Behavior ::run [ RunTime:0.000000s ]
INFO: [ view_end ] --END-- [ RunTime:0.000000s ]

[ 2014-05-08T17:48:03+08:00 ] 127.0.0.1 /management/index.php/message/read/id/3.html
INFO: [ route_check ] --START--
INFO: CheckRoute Behavior ::run [ RunTime:0.000000s ]
INFO: [ route_check ] --END-- [ RunTime:0.000000s ]
INFO: [ app_begin ] --START--
INFO: ReadHtmlCache Behavior ::run [ RunTime:0.000000s ]
INFO: [ app_begin ] --END-- [ RunTime:0.000000s ]
SQL: SHOW COLUMNS FROM `tp_message` [ RunTime:0.000000s ]
SQL: UPDATE `tp_message` SET `status`=1 WHERE ( id=3 ) [ RunTime:0.000000s ]
SQL: SELECT * FROM `tp_message` WHERE ( id=3 ) LIMIT 1   [ RunTime:0.000000s ]
INFO: [ view_parse ] --START--
INFO: ParseTemplate Behavior ::run [ RunTime:0.031250s ]
INFO: [ view_parse ] --END-- [ RunTime:0.031250s ]
INFO: [ view_filter ] --START--
INFO: ContentReplace Behavior ::run [ RunTime:0.000000s ]
INFO: TokenBuild Behavior ::run [ RunTime:0.000000s ]
INFO: WriteHtmlCache Behavior ::run [ RunTime:0.000000s ]
INFO: ShowRuntime Behavior ::run [ RunTime:0.000000s ]
INFO: [ view_filter ] --END-- [ RunTime:0.000000s ]
INFO: [ view_end ] --START--
INFO: ShowPageTrace Behavior ::run [ RunTime:0.000000s ]
INFO: [ view_end ] --END-- [ RunTime:0.000000s ]

[ 2014-05-08T17:48:05+08:00 ] 127.0.0.1 /management/index.php/message/index
INFO: [ route_check ] --START--
INFO: CheckRoute Behavior ::run [ RunTime:0.000000s ]
INFO: [ route_check ] --END-- [ RunTime:0.000000s ]
INFO: [ app_begin ] --START--
INFO: ReadHtmlCache Behavior ::run [ RunTime:0.000000s ]
INFO: [ app_begin ] --END-- [ RunTime:0.000000s ]
SQL: SHOW COLUMNS FROM `tp_message` [ RunTime:0.000000s ]
NOTIC: [2] Invalid argument supplied for foreach() F:\kongzhim\wwwroot\cms.com\Core\Lib\Core\Db.class.php 第 424 行.
SQL: SELECT COUNT(*) AS tp_count FROM `tp_message` LIMIT 1   [ RunTime:0.000000s ]
NOTIC: [2] Invalid argument supplied for foreach() F:\kongzhim\wwwroot\cms.com\Core\Lib\Core\Db.class.php 第 424 行.
SQL: SELECT * FROM `tp_message` ORDER BY inputtime DESC LIMIT 0,15   [ RunTime:0.000000s ]
INFO: [ view_parse ] --START--
INFO: ParseTemplate Behavior ::run [ RunTime:0.015625s ]
INFO: [ view_parse ] --END-- [ RunTime:0.015625s ]
INFO: [ view_filter ] --START--
INFO: ContentReplace Behavior ::run [ RunTime:0.000000s ]
INFO: TokenBuild Behavior ::run [ RunTime:0.000000s ]
INFO: WriteHtmlCache Behavior ::run [ RunTime:0.000000s ]
INFO: ShowRuntime Behavior ::run [ RunTime:0.000000s ]
INFO: [ view_filter ] --END-- [ RunTime:0.000000s ]
INFO: [ view_end ] --START--
INFO: ShowPageTrace Behavior ::run [ RunTime:0.000000s ]
INFO: [ view_end ] --END-- [ RunTime:0.000000s ]

[ 2014-05-08T17:48:07+08:00 ] 127.0.0.1 /management/index.php/message/isshow
INFO: [ route_check ] --START--
INFO: CheckRoute Behavior ::run [ RunTime:0.000000s ]
INFO: [ route_check ] --END-- [ RunTime:0.000000s ]
INFO: [ app_begin ] --START--
INFO: ReadHtmlCache Behavior ::run [ RunTime:0.000000s ]
INFO: [ app_begin ] --END-- [ RunTime:0.000000s ]
SQL: SHOW COLUMNS FROM `tp_message` [ RunTime:0.000000s ]
SQL: UPDATE `tp_message` SET `isshow`=1 WHERE ( id=3 ) [ RunTime:0.000000s ]

[ 2014-05-08T17:48:08+08:00 ] 127.0.0.1 /management/index.php/message/isshow
INFO: [ route_check ] --START--
INFO: CheckRoute Behavior ::run [ RunTime:0.000000s ]
INFO: [ route_check ] --END-- [ RunTime:0.000000s ]
INFO: [ app_begin ] --START--
INFO: ReadHtmlCache Behavior ::run [ RunTime:0.000000s ]
INFO: [ app_begin ] --END-- [ RunTime:0.000000s ]
SQL: SHOW COLUMNS FROM `tp_message` [ RunTime:0.000000s ]
SQL: UPDATE `tp_message` SET `isshow`=0 WHERE ( id=3 ) [ RunTime:0.000000s ]

[ 2014-05-08T17:48:15+08:00 ] 127.0.0.1 /management/index.php/link/index
INFO: [ route_check ] --START--
INFO: CheckRoute Behavior ::run [ RunTime:0.000000s ]
INFO: [ route_check ] --END-- [ RunTime:0.000000s ]
INFO: [ app_begin ] --START--
INFO: ReadHtmlCache Behavior ::run [ RunTime:0.000000s ]
INFO: [ app_begin ] --END-- [ RunTime:0.000000s ]
SQL: SHOW COLUMNS FROM `tp_link` [ RunTime:0.000000s ]
NOTIC: [2] Invalid argument supplied for foreach() F:\kongzhim\wwwroot\cms.com\Core\Lib\Core\Db.class.php 第 424 行.
SQL: SELECT * FROM `tp_link` ORDER BY listorder DESC  [ RunTime:0.000000s ]
INFO: [ view_parse ] --START--
NOTIC: [8] Undefined variable: page F:\kongzhim\wwwroot\cms.com\Management\Runtime\Cache\d7ebd0f00fef8ac58daa3ccccf93aa80.php 第 41 行.
INFO: ParseTemplate Behavior ::run [ RunTime:0.046875s ]
INFO: [ view_parse ] --END-- [ RunTime:0.046875s ]
INFO: [ view_filter ] --START--
INFO: ContentReplace Behavior ::run [ RunTime:0.000000s ]
INFO: TokenBuild Behavior ::run [ RunTime:0.000000s ]
INFO: WriteHtmlCache Behavior ::run [ RunTime:0.000000s ]
INFO: ShowRuntime Behavior ::run [ RunTime:0.000000s ]
INFO: [ view_filter ] --END-- [ RunTime:0.000000s ]
INFO: [ view_end ] --START--
INFO: ShowPageTrace Behavior ::run [ RunTime:0.000000s ]
INFO: [ view_end ] --END-- [ RunTime:0.015625s ]

[ 2014-05-08T17:48:16+08:00 ] 127.0.0.1 /management/index.php/link/add
INFO: [ route_check ] --START--
INFO: CheckRoute Behavior ::run [ RunTime:0.000000s ]
INFO: [ route_check ] --END-- [ RunTime:0.000000s ]
INFO: [ app_begin ] --START--
INFO: ReadHtmlCache Behavior ::run [ RunTime:0.000000s ]
INFO: [ app_begin ] --END-- [ RunTime:0.000000s ]
INFO: [ view_parse ] --START--
INFO: ParseTemplate Behavior ::run [ RunTime:0.031250s ]
INFO: [ view_parse ] --END-- [ RunTime:0.031250s ]
INFO: [ view_filter ] --START--
INFO: ContentReplace Behavior ::run [ RunTime:0.000000s ]
INFO: TokenBuild Behavior ::run [ RunTime:0.000000s ]
INFO: WriteHtmlCache Behavior ::run [ RunTime:0.000000s ]
INFO: ShowRuntime Behavior ::run [ RunTime:0.000000s ]
INFO: [ view_filter ] --END-- [ RunTime:0.000000s ]
INFO: [ view_end ] --START--
INFO: ShowPageTrace Behavior ::run [ RunTime:0.000000s ]
INFO: [ view_end ] --END-- [ RunTime:0.000000s ]

[ 2014-05-08T17:48:21+08:00 ] 127.0.0.1 /management/index.php/news/index
INFO: [ route_check ] --START--
INFO: CheckRoute Behavior ::run [ RunTime:0.000000s ]
INFO: [ route_check ] --END-- [ RunTime:0.000000s ]
INFO: [ app_begin ] --START--
INFO: ReadHtmlCache Behavior ::run [ RunTime:0.000000s ]
INFO: [ app_begin ] --END-- [ RunTime:0.000000s ]
SQL: SHOW COLUMNS FROM `tp_news` [ RunTime:0.000000s ]
NOTIC: [2] Invalid argument supplied for foreach() F:\kongzhim\wwwroot\cms.com\Core\Lib\Core\Db.class.php 第 424 行.
SQL: SELECT COUNT(*) AS tp_count FROM `tp_news` LIMIT 1   [ RunTime:0.000000s ]
NOTIC: [2] Invalid argument supplied for foreach() F:\kongzhim\wwwroot\cms.com\Core\Lib\Core\Db.class.php 第 424 行.
SQL: SELECT `id`,`catid`,`title`,`listorder`,`inputtime`,`updatetime`,`thumb` FROM `tp_news` ORDER BY listorder DESC,inputtime DESC LIMIT 0,15   [ RunTime:0.000000s ]
SQL: SHOW COLUMNS FROM `tp_category` [ RunTime:0.000000s ]
SQL: SELECT `id`,`pid`,`catname` FROM `tp_category` WHERE ( ispage=0 )  [ RunTime:0.000000s ]
INFO: [ view_parse ] --START--
NOTIC: [8] Undefined variable: v F:\kongzhim\wwwroot\cms.com\Management\Runtime\Cache\1eedbafd06440eefa7654986be6fc110.php 第 21 行.
NOTIC: [8] Undefined variable: v F:\kongzhim\wwwroot\cms.com\Management\Runtime\Cache\1eedbafd06440eefa7654986be6fc110.php 第 21 行.
NOTIC: [8] Undefined variable: v F:\kongzhim\wwwroot\cms.com\Management\Runtime\Cache\1eedbafd06440eefa7654986be6fc110.php 第 21 行.
NOTIC: [8] Undefined variable: v F:\kongzhim\wwwroot\cms.com\Management\Runtime\Cache\1eedbafd06440eefa7654986be6fc110.php 第 21 行.
NOTIC: [8] Undefined variable: v F:\kongzhim\wwwroot\cms.com\Management\Runtime\Cache\1eedbafd06440eefa7654986be6fc110.php 第 21 行.
NOTIC: [8] Use of undefined constant thumb - assumed 'thumb' F:\kongzhim\wwwroot\cms.com\Management\Runtime\Cache\1eedbafd06440eefa7654986be6fc110.php 第 40 行.
SQL: SELECT `catname` FROM `tp_category` WHERE ( id=3 ) LIMIT 1   [ RunTime:0.015625s ]
NOTIC: [8] Use of undefined constant thumb - assumed 'thumb' F:\kongzhim\wwwroot\cms.com\Management\Runtime\Cache\1eedbafd06440eefa7654986be6fc110.php 第 40 行.
SQL: SELECT `catname` FROM `tp_category` WHERE ( id=2 ) LIMIT 1   [ RunTime:0.000000s ]
NOTIC: [8] Use of undefined constant thumb - assumed 'thumb' F:\kongzhim\wwwroot\cms.com\Management\Runtime\Cache\1eedbafd06440eefa7654986be6fc110.php 第 40 行.
SQL: SELECT `catname` FROM `tp_category` WHERE ( id=2 ) LIMIT 1   [ RunTime:0.000000s ]
NOTIC: [8] Use of undefined constant thumb - assumed 'thumb' F:\kongzhim\wwwroot\cms.com\Management\Runtime\Cache\1eedbafd06440eefa7654986be6fc110.php 第 40 行.
SQL: SELECT `catname` FROM `tp_category` WHERE ( id=2 ) LIMIT 1   [ RunTime:0.000000s ]
NOTIC: [8] Use of undefined constant thumb - assumed 'thumb' F:\kongzhim\wwwroot\cms.com\Management\Runtime\Cache\1eedbafd06440eefa7654986be6fc110.php 第 40 行.
SQL: SELECT `catname` FROM `tp_category` WHERE ( id=2 ) LIMIT 1   [ RunTime:0.000000s ]
NOTIC: [8] Use of undefined constant thumb - assumed 'thumb' F:\kongzhim\wwwroot\cms.com\Management\Runtime\Cache\1eedbafd06440eefa7654986be6fc110.php 第 40 行.
SQL: SELECT `catname` FROM `tp_category` WHERE ( id=2 ) LIMIT 1   [ RunTime:0.000000s ]
INFO: ParseTemplate Behavior ::run [ RunTime:0.046875s ]
INFO: [ view_parse ] --END-- [ RunTime:0.046875s ]
INFO: [ view_filter ] --START--
INFO: ContentReplace Behavior ::run [ RunTime:0.000000s ]
INFO: TokenBuild Behavior ::run [ RunTime:0.000000s ]
INFO: WriteHtmlCache Behavior ::run [ RunTime:0.000000s ]
INFO: ShowRuntime Behavior ::run [ RunTime:0.000000s ]
INFO: [ view_filter ] --END-- [ RunTime:0.000000s ]
INFO: [ view_end ] --START--
INFO: ShowPageTrace Behavior ::run [ RunTime:0.000000s ]
INFO: [ view_end ] --END-- [ RunTime:0.000000s ]

[ 2014-05-08T17:48:25+08:00 ] 127.0.0.1 /management/index.php/news/add
INFO: [ route_check ] --START--
INFO: CheckRoute Behavior ::run [ RunTime:0.000000s ]
INFO: [ route_check ] --END-- [ RunTime:0.000000s ]
INFO: [ app_begin ] --START--
INFO: ReadHtmlCache Behavior ::run [ RunTime:0.000000s ]
INFO: [ app_begin ] --END-- [ RunTime:0.000000s ]
SQL: SHOW COLUMNS FROM `tp_category` [ RunTime:0.000000s ]
SQL: SELECT `id`,`pid`,`catname` FROM `tp_category` WHERE ( ispage=0 )  [ RunTime:0.000000s ]
INFO: [ view_parse ] --START--
NOTIC: [8] Undefined variable: info F:\kongzhim\wwwroot\cms.com\Management\Runtime\Cache\e991c27029d09deaf3fd415ec5af8960.php 第 21 行.
NOTIC: [8] Undefined variable: info F:\kongzhim\wwwroot\cms.com\Management\Runtime\Cache\e991c27029d09deaf3fd415ec5af8960.php 第 37 行.
NOTIC: [8] Undefined variable: info F:\kongzhim\wwwroot\cms.com\Management\Runtime\Cache\e991c27029d09deaf3fd415ec5af8960.php 第 43 行.
NOTIC: [8] Undefined variable: info F:\kongzhim\wwwroot\cms.com\Management\Runtime\Cache\e991c27029d09deaf3fd415ec5af8960.php 第 47 行.
NOTIC: [8] Undefined variable: info F:\kongzhim\wwwroot\cms.com\Management\Runtime\Cache\e991c27029d09deaf3fd415ec5af8960.php 第 51 行.
NOTIC: [8] Undefined variable: info F:\kongzhim\wwwroot\cms.com\Management\Runtime\Cache\e991c27029d09deaf3fd415ec5af8960.php 第 55 行.
INFO: ParseTemplate Behavior ::run [ RunTime:0.031250s ]
INFO: [ view_parse ] --END-- [ RunTime:0.031250s ]
INFO: [ view_filter ] --START--
INFO: ContentReplace Behavior ::run [ RunTime:0.000000s ]
INFO: TokenBuild Behavior ::run [ RunTime:0.000000s ]
INFO: WriteHtmlCache Behavior ::run [ RunTime:0.000000s ]
INFO: ShowRuntime Behavior ::run [ RunTime:0.000000s ]
INFO: [ view_filter ] --END-- [ RunTime:0.000000s ]
INFO: [ view_end ] --START--
INFO: ShowPageTrace Behavior ::run [ RunTime:0.000000s ]
INFO: [ view_end ] --END-- [ RunTime:0.000000s ]

[ 2014-05-08T17:48:26+08:00 ] 127.0.0.1 /management/index.php/news/index
INFO: [ route_check ] --START--
INFO: CheckRoute Behavior ::run [ RunTime:0.000000s ]
INFO: [ route_check ] --END-- [ RunTime:0.000000s ]
INFO: [ app_begin ] --START--
INFO: ReadHtmlCache Behavior ::run [ RunTime:0.000000s ]
INFO: [ app_begin ] --END-- [ RunTime:0.000000s ]
SQL: SHOW COLUMNS FROM `tp_news` [ RunTime:0.000000s ]
NOTIC: [2] Invalid argument supplied for foreach() F:\kongzhim\wwwroot\cms.com\Core\Lib\Core\Db.class.php 第 424 行.
SQL: SELECT COUNT(*) AS tp_count FROM `tp_news` LIMIT 1   [ RunTime:0.000000s ]
NOTIC: [2] Invalid argument supplied for foreach() F:\kongzhim\wwwroot\cms.com\Core\Lib\Core\Db.class.php 第 424 行.
SQL: SELECT `id`,`catid`,`title`,`listorder`,`inputtime`,`updatetime`,`thumb` FROM `tp_news` ORDER BY listorder DESC,inputtime DESC LIMIT 0,15   [ RunTime:0.000000s ]
SQL: SHOW COLUMNS FROM `tp_category` [ RunTime:0.000000s ]
SQL: SELECT `id`,`pid`,`catname` FROM `tp_category` WHERE ( ispage=0 )  [ RunTime:0.000000s ]
INFO: [ view_parse ] --START--
NOTIC: [8] Undefined variable: v F:\kongzhim\wwwroot\cms.com\Management\Runtime\Cache\1eedbafd06440eefa7654986be6fc110.php 第 21 行.
NOTIC: [8] Undefined variable: v F:\kongzhim\wwwroot\cms.com\Management\Runtime\Cache\1eedbafd06440eefa7654986be6fc110.php 第 21 行.
NOTIC: [8] Undefined variable: v F:\kongzhim\wwwroot\cms.com\Management\Runtime\Cache\1eedbafd06440eefa7654986be6fc110.php 第 21 行.
NOTIC: [8] Undefined variable: v F:\kongzhim\wwwroot\cms.com\Management\Runtime\Cache\1eedbafd06440eefa7654986be6fc110.php 第 21 行.
NOTIC: [8] Undefined variable: v F:\kongzhim\wwwroot\cms.com\Management\Runtime\Cache\1eedbafd06440eefa7654986be6fc110.php 第 21 行.
NOTIC: [8] Use of undefined constant thumb - assumed 'thumb' F:\kongzhim\wwwroot\cms.com\Management\Runtime\Cache\1eedbafd06440eefa7654986be6fc110.php 第 40 行.
SQL: SELECT `catname` FROM `tp_category` WHERE ( id=3 ) LIMIT 1   [ RunTime:0.000000s ]
NOTIC: [8] Use of undefined constant thumb - assumed 'thumb' F:\kongzhim\wwwroot\cms.com\Management\Runtime\Cache\1eedbafd06440eefa7654986be6fc110.php 第 40 行.
SQL: SELECT `catname` FROM `tp_category` WHERE ( id=2 ) LIMIT 1   [ RunTime:0.000000s ]
NOTIC: [8] Use of undefined constant thumb - assumed 'thumb' F:\kongzhim\wwwroot\cms.com\Management\Runtime\Cache\1eedbafd06440eefa7654986be6fc110.php 第 40 行.
SQL: SELECT `catname` FROM `tp_category` WHERE ( id=2 ) LIMIT 1   [ RunTime:0.000000s ]
NOTIC: [8] Use of undefined constant thumb - assumed 'thumb' F:\kongzhim\wwwroot\cms.com\Management\Runtime\Cache\1eedbafd06440eefa7654986be6fc110.php 第 40 行.
SQL: SELECT `catname` FROM `tp_category` WHERE ( id=2 ) LIMIT 1   [ RunTime:0.000000s ]
NOTIC: [8] Use of undefined constant thumb - assumed 'thumb' F:\kongzhim\wwwroot\cms.com\Management\Runtime\Cache\1eedbafd06440eefa7654986be6fc110.php 第 40 行.
SQL: SELECT `catname` FROM `tp_category` WHERE ( id=2 ) LIMIT 1   [ RunTime:0.000000s ]
NOTIC: [8] Use of undefined constant thumb - assumed 'thumb' F:\kongzhim\wwwroot\cms.com\Management\Runtime\Cache\1eedbafd06440eefa7654986be6fc110.php 第 40 行.
SQL: SELECT `catname` FROM `tp_category` WHERE ( id=2 ) LIMIT 1   [ RunTime:0.000000s ]
INFO: ParseTemplate Behavior ::run [ RunTime:0.015625s ]
INFO: [ view_parse ] --END-- [ RunTime:0.015625s ]
INFO: [ view_filter ] --START--
INFO: ContentReplace Behavior ::run [ RunTime:0.000000s ]
INFO: TokenBuild Behavior ::run [ RunTime:0.000000s ]
INFO: WriteHtmlCache Behavior ::run [ RunTime:0.000000s ]
INFO: ShowRuntime Behavior ::run [ RunTime:0.000000s ]
INFO: [ view_filter ] --END-- [ RunTime:0.000000s ]
INFO: [ view_end ] --START--
INFO: ShowPageTrace Behavior ::run [ RunTime:0.015625s ]
INFO: [ view_end ] --END-- [ RunTime:0.015625s ]

